#
# A fatal error has been detected by the Java Runtime Environment:
#
#  SIGSEGV (0xb) at pc=0x000000010514f56d, pid=9835, tid=18947
#
# JRE version: OpenJDK Runtime Environment (11.0.2+7) (build 11.0.2+7)
# Java VM: OpenJDK 64-Bit Server VM (11.0.2+7, mixed mode, tiered, compressed oops, g1 gc, bsd-amd64)
# Problematic frame:
# V  [libjvm.dylib+0x34f56d]  _ZN14GenerateOopMap8do_fieldEiiii+0x55
#
# No core dump will be written. Core dumps have been disabled. To enable core dumping, try "ulimit -c unlimited" before starting Java again
#
# If you would like to submit a bug report, please visit:
#   http://bugreport.java.com/bugreport/crash.jsp
#

---------------  S U M M A R Y ------------

Command Line: -agentlib:jdwp=transport=dt_socket,suspend=y,address=localhost:51818 -ea -javaagent:/Applications/Eclipse.app/Contents/Eclipse/configuration/org.eclipse.osgi/743/0/.cp/lib/javaagent-shaded.jar -Dfile.encoding=UTF-8 org.eclipse.jdt.internal.junit.runner.RemoteTestRunner -version 3 -port 51817 -testLoaderClass org.eclipse.jdt.internal.junit5.runner.JUnit5TestLoader -loaderpluginname org.eclipse.jdt.junit5.runtime -classNames com.imyc.SBAP.Http.auth.service.TestAuthService

Host: iMac18,2 x86_64 3000 MHz, 4 cores, 8G, Darwin 19.6.0
Time: Tue Oct 20 17:55:23 2020 CST elapsed time: 24 seconds (0d 0h 0m 24s)

---------------  T H R E A D  ---------------

Current thread (0x00007fe4c5880000):  VMThread "VM Thread" [stack: 0x0000700000d45000,0x0000700000e45000] [id=18947]

Stack: [0x0000700000d45000,0x0000700000e45000],  sp=0x0000700000e44720,  free space=1021k
Native frames: (J=compiled Java code, A=aot compiled Java code, j=interpreted, Vv=VM code, C=native code)
V  [libjvm.dylib+0x34f56d]  _ZN14GenerateOopMap8do_fieldEiiii+0x55
V  [libjvm.dylib+0x34dd90]  _ZN14GenerateOopMap9interp_bbEP10BasicBlock+0xe4
V  [libjvm.dylib+0x34daa8]  _ZN14GenerateOopMap10interp_allEv+0x3c
V  [libjvm.dylib+0x34d759]  _ZN14GenerateOopMap17do_interpretationEv+0x4b
V  [libjvm.dylib+0x34ff13]  _ZN14GenerateOopMap11compute_mapEP6Thread+0x165
V  [libjvm.dylib+0x5e6b2a]  _ZN19OopMapForCacheEntry11compute_mapEP6Thread+0x54
V  [libjvm.dylib+0x5e7300]  _ZN16OopMapCacheEntry4fillERK12methodHandlei+0xac
V  [libjvm.dylib+0x5e7c29]  _ZN11OopMapCache19compute_one_oop_mapERK12methodHandleiP17InterpreterOopMap+0x5d
V  [libjvm.dylib+0x5ac676]  _ZN6Method8mask_forEiP17InterpreterOopMap+0x7e
V  [libjvm.dylib+0x4c3e58]  _ZN16VM_GetOrSetLocal4doitEv+0x48
V  [libjvm.dylib+0x747b99]  _ZN12VM_Operation8evaluateEv+0xd5
V  [libjvm.dylib+0x7471b0]  _ZN8VMThread18evaluate_operationEP12VM_Operation+0x13a
V  [libjvm.dylib+0x746bfd]  _ZN8VMThread4loopEv+0xed
V  [libjvm.dylib+0x746a22]  _ZN8VMThread3runEv+0x76
V  [libjvm.dylib+0x5f00f3]  _ZL19thread_native_entryP6Thread+0x135
C  [libsystem_pthread.dylib+0x6109]  _pthread_start+0x94
C  [libsystem_pthread.dylib+0x1b8b]  thread_start+0xf


siginfo: si_signo: 11 (SIGSEGV), si_code: 1 (SEGV_MAPERR), si_addr: 0x0000000000000006

Register to memory mapping:

RAX=0x0 is NULL
RBX=0x000000010b24e0d0 is pointing into metadata
RCX=0x0000000000194020 is an unknown value
RDX=0x0 is NULL
RSP=0x0000700000e44720 points into unknown readable memory: ff ff ff 4f 00 00 00 00
RBP=0x0000700000e44770 points into unknown readable memory: e0 47 e4 00 00 70 00 00
RSI=0x000000000000c70b is an unknown value
RDI=0x000000010b24e0d0 is pointing into metadata
R8 =0x000000000000000f is an unknown value
R9 =0x00007fe4c4636430 points into unknown readable memory: e0 e4 24 0b 01 00 00 00
R10=0x000000008a000000 is an unknown value
R11=0xffffffffffffffd0 is an unknown value
R12=0x0000700000e44930 points into unknown readable memory: 98 30 6e 05 01 00 00 00
R13=0x000000000000000f is an unknown value
R14=0x0 is NULL
R15=0x0000000000000001 is an unknown value


Registers:
RAX=0x0000000000000000, RBX=0x000000010b24e0d0, RCX=0x0000000000194020, RDX=0x0000000000000000
RSP=0x0000700000e44720, RBP=0x0000700000e44770, RSI=0x000000000000c70b, RDI=0x000000010b24e0d0
R8 =0x000000000000000f, R9 =0x00007fe4c4636430, R10=0x000000008a000000, R11=0xffffffffffffffd0
R12=0x0000700000e44930, R13=0x000000000000000f, R14=0x0000000000000000, R15=0x0000000000000001
RIP=0x000000010514f56d, EFLAGS=0x0000000000010202, ERR=0x0000000000000004
  TRAPNO=0x000000000000000e

Top of Stack: (sp=0x0000700000e44720)
0x0000700000e44720:   000000004fffffff 000000010b24e493
0x0000700000e44730:   0000000000000000 000000010b24e4e0
0x0000700000e44740:   b5c247febb32009a 0000700000e44930
0x0000700000e44750:   0000000000000017 0000700000e44930
0x0000700000e44760:   00007fe4c4708ac0 0000700000e44788
0x0000700000e44770:   0000700000e447e0 000000010514dd90
0x0000700000e44780:   00000001057003a0 0000700000e447a8
0x0000700000e44790:   000000010b24e4e0 00007fe4c5880000
0x0000700000e447a0:   000000120000000f 000000b400000017
0x0000700000e447b0:   000000b4c70a0000 b5c247febb32009a
0x0000700000e447c0:   0000000000000000 00007fe4c4708a60
0x0000700000e447d0:   0000700000e44930 0000000000000000
0x0000700000e447e0:   0000700000e44810 000000010514daa8
0x0000700000e447f0:   0000000000000000 0000700000e44930
0x0000700000e44800:   00007fe4c5880000 00007fe4c4708a60
0x0000700000e44810:   0000700000e44830 000000010514d759
0x0000700000e44820:   b5c247febb32009a 0000700000e44930
0x0000700000e44830:   0000700000e448d0 000000010514ff13
0x0000700000e44840:   0000700000e40100 0000000000000000
0x0000700000e44850:   0000000000000004 00000001044b1a00
0x0000700000e44860:   0000000000001400 00000001055a1ba8
0x0000700000e44870:   0000000000000000 00000001044b0000
0x0000700000e44880:   0000000000000000 00007fff69772297
0x0000700000e44890:   0000700000e44900 f6b2800070001002
0x0000700000e448a0:   0000000000000000 0000000000000000
0x0000700000e448b0:   0000700000e44930 0000700000e44a28
0x0000700000e448c0:   00007fe4c5880000 0000700000e44ab8
0x0000700000e448d0:   0000700000e44920 00000001053e6b2a
0x0000700000e448e0:   00007fe4c46069c0 00007fe4c4708a00
0x0000700000e448f0:   00007fe4c4708a10 00007fe4c4708de8
0x0000700000e44900:   00000000000003d8 00007fe4c46679b0
0x0000700000e44910:   0000000000000006 0000700000e44ab8 

Instructions: (pc=0x000000010514f56d)
0x000000010514f54d:   8b 58 08 31 d2 48 89 df 89 ce e8 b8 de f0 ff 48
0x000000010514f55d:   89 df 89 c6 e8 4a df f0 ff 48 98 48 8b 44 c3 40
0x000000010514f56d:   8a 48 06 80 f9 4b 7e 2f 80 f9 5b 74 0a 80 f9 56
0x000000010514f57d:   74 3f 80 f9 4c 75 31 48 8d 45 c0 41 81 e5 ff ff 

Stack slot to memory mapping:
stack at sp + 0 slots: 0x000000004fffffff is an unknown value
stack at sp + 1 slots: 0x000000010b24e493 is pointing into metadata
stack at sp + 2 slots: 0x0 is NULL
stack at sp + 3 slots: {method} {0x000000010b24e4e0} 'before' '()V' in 'com/imyc/SBAP/Http/auth/service/TestAuthService'
stack at sp + 4 slots: 0xb5c247febb32009a is an unknown value
stack at sp + 5 slots: 0x0000700000e44930 points into unknown readable memory: 98 30 6e 05 01 00 00 00
stack at sp + 6 slots: 0x0000000000000017 is an unknown value
stack at sp + 7 slots: 0x0000700000e44930 points into unknown readable memory: 98 30 6e 05 01 00 00 00

VM_Operation (0x0000700001762a60): GetOrSetLocal, mode: safepoint, requested by thread 0x00007fe4c4821000


---------------  P R O C E S S  ---------------

Threads class SMR info:
_java_thread_list=0x00007fe4c4431c50, length=14, elements={
0x00007fe4c4819800, 0x00007fe4c5880800, 0x00007fe4c5883800, 0x00007fe4c481a800,
0x00007fe4c603d000, 0x00007fe4c603e000, 0x00007fe4c6041000, 0x00007fe4c5094000,
0x00007fe4c4821000, 0x00007fe4c4822000, 0x00007fe4c48c9000, 0x00007fe4c4926000,
0x00007fe4c5271800, 0x00007fe4c5ce3800
}

Java Threads: ( => current thread )
  0x00007fe4c4819800 JavaThread "main" [_thread_blocked, id=5635, stack(0x0000700000733000,0x0000700000833000)]
  0x00007fe4c5880800 JavaThread "Reference Handler" daemon [_thread_blocked, id=18179, stack(0x0000700000e48000,0x0000700000f48000)]
  0x00007fe4c5883800 JavaThread "Finalizer" daemon [_thread_blocked, id=12547, stack(0x0000700000f4b000,0x000070000104b000)]
  0x00007fe4c481a800 JavaThread "Signal Dispatcher" daemon [_thread_blocked, id=15875, stack(0x0000700001154000,0x0000700001254000)]
  0x00007fe4c603d000 JavaThread "C2 CompilerThread0" daemon [_thread_blocked, id=14339, stack(0x0000700001257000,0x0000700001357000)]
  0x00007fe4c603e000 JavaThread "C1 CompilerThread0" daemon [_thread_blocked, id=14595, stack(0x000070000135a000,0x000070000145a000)]
  0x00007fe4c6041000 JavaThread "Sweeper thread" daemon [_thread_blocked, id=22019, stack(0x000070000145d000,0x000070000155d000)]
  0x00007fe4c5094000 JavaThread "Common-Cleaner" daemon [_thread_blocked, id=22787, stack(0x0000700001560000,0x0000700001660000)]
  0x00007fe4c4821000 JavaThread "JDWP Transport Listener: dt_socket" daemon [_thread_blocked, id=42755, stack(0x0000700001663000,0x0000700001763000)] _threads_hazard_ptr=0x00007fe4c4431c50
  0x00007fe4c4822000 JavaThread "JDWP Event Helper Thread" daemon [_thread_blocked, id=23043, stack(0x0000700001766000,0x0000700001866000)]
  0x00007fe4c48c9000 JavaThread "JDWP Command Reader" daemon [_thread_in_native, id=23811, stack(0x0000700001869000,0x0000700001969000)]
  0x00007fe4c4926000 JavaThread "Service Thread" daemon [_thread_blocked, id=24579, stack(0x0000700001a6f000,0x0000700001b6f000)]
  0x00007fe4c5271800 JavaThread "ReaderThread" [_thread_in_native, id=40451, stack(0x0000700001e7b000,0x0000700001f7b000)]
  0x00007fe4c5ce3800 JavaThread "Attach Listener" daemon [_thread_blocked, id=26627, stack(0x0000700002081000,0x0000700002181000)]

Other Threads:
=>0x00007fe4c5880000 VMThread "VM Thread" [stack: 0x0000700000d45000,0x0000700000e45000] [id=18947]
  0x00007fe4c4a09800 WatcherThread [stack: 0x0000700001b72000,0x0000700001c72000] [id=41219]
  0x00007fe4c600f800 GCTaskThread "GC Thread#0" [stack: 0x0000700000836000,0x0000700000936000] [id=20995]
  0x00007fe4c5276800 GCTaskThread "GC Thread#1" [stack: 0x0000700001c75000,0x0000700001d75000] [id=40963]
  0x00007fe4c5272800 GCTaskThread "GC Thread#2" [stack: 0x0000700001d78000,0x0000700001e78000] [id=25347]
  0x00007fe4c51ff000 GCTaskThread "GC Thread#3" [stack: 0x0000700001f7e000,0x000070000207e000] [id=39939]
  0x00007fe4c5829000 ConcurrentGCThread "G1 Main Marker" [stack: 0x0000700000939000,0x0000700000a39000] [id=20739]
  0x00007fe4c5829800 ConcurrentGCThread "G1 Conc#0" [stack: 0x0000700000a3c000,0x0000700000b3c000] [id=19715]
  0x00007fe4c587a800 ConcurrentGCThread "G1 Refine#0" [stack: 0x0000700000b3f000,0x0000700000c3f000] [id=19459]
  0x00007fe4c587b000 ConcurrentGCThread "G1 Young RemSet Sampling" [stack: 0x0000700000c42000,0x0000700000d42000] [id=12035]

Threads with active compile tasks:

VM state:at safepoint (normal execution)

VM Mutex/Monitor currently owned by a thread:  ([mutex/lock_event])
[0x00007fe4c44166a0] Threads_lock - owner thread: 0x00007fe4c5880000

Heap address: 0x0000000780000000, size: 2048 MB, Compressed Oops mode: Zero based, Oop shift amount: 3
Narrow klass base: 0x0000000800000000, Narrow klass shift: 0
Compressed class space size: 1073741824 Address: 0x0000000800000000

Heap:
 garbage-first heap   total 131072K, used 33097K [0x0000000780000000, 0x0000000800000000)
  region size 1024K, 27 young (27648K), 1 survivors (1024K)
 Metaspace       used 14723K, capacity 15191K, committed 15488K, reserved 1062912K
  class space    used 1456K, capacity 1593K, committed 1664K, reserved 1048576K
Heap Regions: E=young(eden), S=young(survivor), O=old, HS=humongous(starts), HC=humongous(continues), CS=collection set, F=free, A=archive, TAMS=top-at-mark-start (previous, next)
|   0|0x0000000780000000, 0x0000000780100000, 0x0000000780100000|100%|HS|  |TAMS 0x0000000780000000, 0x0000000780000000| Complete 
|   1|0x0000000780100000, 0x0000000780200000, 0x0000000780200000|100%| O|  |TAMS 0x0000000780100000, 0x0000000780100000| Untracked 
|   2|0x0000000780200000, 0x0000000780300000, 0x0000000780300000|100%| O|  |TAMS 0x0000000780200000, 0x0000000780200000| Untracked 
|   3|0x0000000780300000, 0x0000000780400000, 0x0000000780400000|100%| O|  |TAMS 0x0000000780300000, 0x0000000780300000| Untracked 
|   4|0x0000000780400000, 0x0000000780500000, 0x0000000780500000|100%| O|  |TAMS 0x0000000780400000, 0x0000000780400000| Untracked 
|   5|0x0000000780500000, 0x0000000780600000, 0x0000000780600000|100%| O|  |TAMS 0x0000000780500000, 0x0000000780500000| Untracked 
|   6|0x0000000780600000, 0x0000000780693a00, 0x0000000780700000| 57%| O|  |TAMS 0x0000000780600000, 0x0000000780600000| Untracked 
|   7|0x0000000780700000, 0x0000000780700000, 0x0000000780800000|  0%| F|  |TAMS 0x0000000780700000, 0x0000000780700000| Untracked 
|   8|0x0000000780800000, 0x0000000780800000, 0x0000000780900000|  0%| F|  |TAMS 0x0000000780800000, 0x0000000780800000| Untracked 
|   9|0x0000000780900000, 0x0000000780900000, 0x0000000780a00000|  0%| F|  |TAMS 0x0000000780900000, 0x0000000780900000| Untracked 
|  10|0x0000000780a00000, 0x0000000780a00000, 0x0000000780b00000|  0%| F|  |TAMS 0x0000000780a00000, 0x0000000780a00000| Untracked 
|  11|0x0000000780b00000, 0x0000000780b00000, 0x0000000780c00000|  0%| F|  |TAMS 0x0000000780b00000, 0x0000000780b00000| Untracked 
|  12|0x0000000780c00000, 0x0000000780c00000, 0x0000000780d00000|  0%| F|  |TAMS 0x0000000780c00000, 0x0000000780c00000| Untracked 
|  13|0x0000000780d00000, 0x0000000780d00000, 0x0000000780e00000|  0%| F|  |TAMS 0x0000000780d00000, 0x0000000780d00000| Untracked 
|  14|0x0000000780e00000, 0x0000000780e00000, 0x0000000780f00000|  0%| F|  |TAMS 0x0000000780e00000, 0x0000000780e00000| Untracked 
|  15|0x0000000780f00000, 0x0000000780f00000, 0x0000000781000000|  0%| F|  |TAMS 0x0000000780f00000, 0x0000000780f00000| Untracked 
|  16|0x0000000781000000, 0x0000000781000000, 0x0000000781100000|  0%| F|  |TAMS 0x0000000781000000, 0x0000000781000000| Untracked 
|  17|0x0000000781100000, 0x0000000781100000, 0x0000000781200000|  0%| F|  |TAMS 0x0000000781100000, 0x0000000781100000| Untracked 
|  18|0x0000000781200000, 0x0000000781200000, 0x0000000781300000|  0%| F|  |TAMS 0x0000000781200000, 0x0000000781200000| Untracked 
|  19|0x0000000781300000, 0x0000000781300000, 0x0000000781400000|  0%| F|  |TAMS 0x0000000781300000, 0x0000000781300000| Untracked 
|  20|0x0000000781400000, 0x0000000781400000, 0x0000000781500000|  0%| F|  |TAMS 0x0000000781400000, 0x0000000781400000| Untracked 
|  21|0x0000000781500000, 0x0000000781500000, 0x0000000781600000|  0%| F|  |TAMS 0x0000000781500000, 0x0000000781500000| Untracked 
|  22|0x0000000781600000, 0x0000000781600000, 0x0000000781700000|  0%| F|  |TAMS 0x0000000781600000, 0x0000000781600000| Untracked 
|  23|0x0000000781700000, 0x0000000781700000, 0x0000000781800000|  0%| F|  |TAMS 0x0000000781700000, 0x0000000781700000| Untracked 
|  24|0x0000000781800000, 0x0000000781800000, 0x0000000781900000|  0%| F|  |TAMS 0x0000000781800000, 0x0000000781800000| Untracked 
|  25|0x0000000781900000, 0x0000000781900000, 0x0000000781a00000|  0%| F|  |TAMS 0x0000000781900000, 0x0000000781900000| Untracked 
|  26|0x0000000781a00000, 0x0000000781a00000, 0x0000000781b00000|  0%| F|  |TAMS 0x0000000781a00000, 0x0000000781a00000| Untracked 
|  27|0x0000000781b00000, 0x0000000781b00000, 0x0000000781c00000|  0%| F|  |TAMS 0x0000000781b00000, 0x0000000781b00000| Untracked 
|  28|0x0000000781c00000, 0x0000000781c00000, 0x0000000781d00000|  0%| F|  |TAMS 0x0000000781c00000, 0x0000000781c00000| Untracked 
|  29|0x0000000781d00000, 0x0000000781d00000, 0x0000000781e00000|  0%| F|  |TAMS 0x0000000781d00000, 0x0000000781d00000| Untracked 
|  30|0x0000000781e00000, 0x0000000781e00000, 0x0000000781f00000|  0%| F|  |TAMS 0x0000000781e00000, 0x0000000781e00000| Untracked 
|  31|0x0000000781f00000, 0x0000000781f00000, 0x0000000782000000|  0%| F|  |TAMS 0x0000000781f00000, 0x0000000781f00000| Untracked 
|  32|0x0000000782000000, 0x0000000782000000, 0x0000000782100000|  0%| F|  |TAMS 0x0000000782000000, 0x0000000782000000| Untracked 
|  33|0x0000000782100000, 0x0000000782100000, 0x0000000782200000|  0%| F|  |TAMS 0x0000000782100000, 0x0000000782100000| Untracked 
|  34|0x0000000782200000, 0x0000000782200000, 0x0000000782300000|  0%| F|  |TAMS 0x0000000782200000, 0x0000000782200000| Untracked 
|  35|0x0000000782300000, 0x0000000782300000, 0x0000000782400000|  0%| F|  |TAMS 0x0000000782300000, 0x0000000782300000| Untracked 
|  36|0x0000000782400000, 0x0000000782400000, 0x0000000782500000|  0%| F|  |TAMS 0x0000000782400000, 0x0000000782400000| Untracked 
|  37|0x0000000782500000, 0x0000000782500000, 0x0000000782600000|  0%| F|  |TAMS 0x0000000782500000, 0x0000000782500000| Untracked 
|  38|0x0000000782600000, 0x0000000782600000, 0x0000000782700000|  0%| F|  |TAMS 0x0000000782600000, 0x0000000782600000| Untracked 
|  39|0x0000000782700000, 0x0000000782700000, 0x0000000782800000|  0%| F|  |TAMS 0x0000000782700000, 0x0000000782700000| Untracked 
|  40|0x0000000782800000, 0x0000000782800000, 0x0000000782900000|  0%| F|  |TAMS 0x0000000782800000, 0x0000000782800000| Untracked 
|  41|0x0000000782900000, 0x0000000782900000, 0x0000000782a00000|  0%| F|  |TAMS 0x0000000782900000, 0x0000000782900000| Untracked 
|  42|0x0000000782a00000, 0x0000000782a00000, 0x0000000782b00000|  0%| F|  |TAMS 0x0000000782a00000, 0x0000000782a00000| Untracked 
|  43|0x0000000782b00000, 0x0000000782b00000, 0x0000000782c00000|  0%| F|  |TAMS 0x0000000782b00000, 0x0000000782b00000| Untracked 
|  44|0x0000000782c00000, 0x0000000782c00000, 0x0000000782d00000|  0%| F|  |TAMS 0x0000000782c00000, 0x0000000782c00000| Untracked 
|  45|0x0000000782d00000, 0x0000000782d00000, 0x0000000782e00000|  0%| F|  |TAMS 0x0000000782d00000, 0x0000000782d00000| Untracked 
|  46|0x0000000782e00000, 0x0000000782e00000, 0x0000000782f00000|  0%| F|  |TAMS 0x0000000782e00000, 0x0000000782e00000| Untracked 
|  47|0x0000000782f00000, 0x0000000782f00000, 0x0000000783000000|  0%| F|  |TAMS 0x0000000782f00000, 0x0000000782f00000| Untracked 
|  48|0x0000000783000000, 0x0000000783000000, 0x0000000783100000|  0%| F|  |TAMS 0x0000000783000000, 0x0000000783000000| Untracked 
|  49|0x0000000783100000, 0x0000000783100000, 0x0000000783200000|  0%| F|  |TAMS 0x0000000783100000, 0x0000000783100000| Untracked 
|  50|0x0000000783200000, 0x0000000783200000, 0x0000000783300000|  0%| F|  |TAMS 0x0000000783200000, 0x0000000783200000| Untracked 
|  51|0x0000000783300000, 0x0000000783300000, 0x0000000783400000|  0%| F|  |TAMS 0x0000000783300000, 0x0000000783300000| Untracked 
|  52|0x0000000783400000, 0x0000000783400000, 0x0000000783500000|  0%| F|  |TAMS 0x0000000783400000, 0x0000000783400000| Untracked 
|  53|0x0000000783500000, 0x0000000783500000, 0x0000000783600000|  0%| F|  |TAMS 0x0000000783500000, 0x0000000783500000| Untracked 
|  54|0x0000000783600000, 0x0000000783600000, 0x0000000783700000|  0%| F|  |TAMS 0x0000000783600000, 0x0000000783600000| Untracked 
|  55|0x0000000783700000, 0x0000000783700000, 0x0000000783800000|  0%| F|  |TAMS 0x0000000783700000, 0x0000000783700000| Untracked 
|  56|0x0000000783800000, 0x0000000783800000, 0x0000000783900000|  0%| F|  |TAMS 0x0000000783800000, 0x0000000783800000| Untracked 
|  57|0x0000000783900000, 0x0000000783900000, 0x0000000783a00000|  0%| F|  |TAMS 0x0000000783900000, 0x0000000783900000| Untracked 
|  58|0x0000000783a00000, 0x0000000783a00000, 0x0000000783b00000|  0%| F|  |TAMS 0x0000000783a00000, 0x0000000783a00000| Untracked 
|  59|0x0000000783b00000, 0x0000000783b00000, 0x0000000783c00000|  0%| F|  |TAMS 0x0000000783b00000, 0x0000000783b00000| Untracked 
|  60|0x0000000783c00000, 0x0000000783c00000, 0x0000000783d00000|  0%| F|  |TAMS 0x0000000783c00000, 0x0000000783c00000| Untracked 
|  61|0x0000000783d00000, 0x0000000783d00000, 0x0000000783e00000|  0%| F|  |TAMS 0x0000000783d00000, 0x0000000783d00000| Untracked 
|  62|0x0000000783e00000, 0x0000000783e00000, 0x0000000783f00000|  0%| F|  |TAMS 0x0000000783e00000, 0x0000000783e00000| Untracked 
|  63|0x0000000783f00000, 0x0000000783f00000, 0x0000000784000000|  0%| F|  |TAMS 0x0000000783f00000, 0x0000000783f00000| Untracked 
|  64|0x0000000784000000, 0x0000000784000000, 0x0000000784100000|  0%| F|  |TAMS 0x0000000784000000, 0x0000000784000000| Untracked 
|  65|0x0000000784100000, 0x0000000784100000, 0x0000000784200000|  0%| F|  |TAMS 0x0000000784100000, 0x0000000784100000| Untracked 
|  66|0x0000000784200000, 0x0000000784200000, 0x0000000784300000|  0%| F|  |TAMS 0x0000000784200000, 0x0000000784200000| Untracked 
|  67|0x0000000784300000, 0x0000000784300000, 0x0000000784400000|  0%| F|  |TAMS 0x0000000784300000, 0x0000000784300000| Untracked 
|  68|0x0000000784400000, 0x0000000784400000, 0x0000000784500000|  0%| F|  |TAMS 0x0000000784400000, 0x0000000784400000| Untracked 
|  69|0x0000000784500000, 0x0000000784500000, 0x0000000784600000|  0%| F|  |TAMS 0x0000000784500000, 0x0000000784500000| Untracked 
|  70|0x0000000784600000, 0x0000000784600000, 0x0000000784700000|  0%| F|  |TAMS 0x0000000784600000, 0x0000000784600000| Untracked 
|  71|0x0000000784700000, 0x0000000784700000, 0x0000000784800000|  0%| F|  |TAMS 0x0000000784700000, 0x0000000784700000| Untracked 
|  72|0x0000000784800000, 0x0000000784800000, 0x0000000784900000|  0%| F|  |TAMS 0x0000000784800000, 0x0000000784800000| Untracked 
|  73|0x0000000784900000, 0x0000000784900000, 0x0000000784a00000|  0%| F|  |TAMS 0x0000000784900000, 0x0000000784900000| Untracked 
|  74|0x0000000784a00000, 0x0000000784a00000, 0x0000000784b00000|  0%| F|  |TAMS 0x0000000784a00000, 0x0000000784a00000| Untracked 
|  75|0x0000000784b00000, 0x0000000784b00000, 0x0000000784c00000|  0%| F|  |TAMS 0x0000000784b00000, 0x0000000784b00000| Untracked 
|  76|0x0000000784c00000, 0x0000000784c00000, 0x0000000784d00000|  0%| F|  |TAMS 0x0000000784c00000, 0x0000000784c00000| Untracked 
|  77|0x0000000784d00000, 0x0000000784d00000, 0x0000000784e00000|  0%| F|  |TAMS 0x0000000784d00000, 0x0000000784d00000| Untracked 
|  78|0x0000000784e00000, 0x0000000784e00000, 0x0000000784f00000|  0%| F|  |TAMS 0x0000000784e00000, 0x0000000784e00000| Untracked 
|  79|0x0000000784f00000, 0x0000000784f00000, 0x0000000785000000|  0%| F|  |TAMS 0x0000000784f00000, 0x0000000784f00000| Untracked 
|  80|0x0000000785000000, 0x0000000785000000, 0x0000000785100000|  0%| F|  |TAMS 0x0000000785000000, 0x0000000785000000| Untracked 
|  81|0x0000000785100000, 0x0000000785100000, 0x0000000785200000|  0%| F|  |TAMS 0x0000000785100000, 0x0000000785100000| Untracked 
|  82|0x0000000785200000, 0x0000000785200000, 0x0000000785300000|  0%| F|  |TAMS 0x0000000785200000, 0x0000000785200000| Untracked 
|  83|0x0000000785300000, 0x0000000785300000, 0x0000000785400000|  0%| F|  |TAMS 0x0000000785300000, 0x0000000785300000| Untracked 
|  84|0x0000000785400000, 0x0000000785400000, 0x0000000785500000|  0%| F|  |TAMS 0x0000000785400000, 0x0000000785400000| Untracked 
|  85|0x0000000785500000, 0x0000000785500000, 0x0000000785600000|  0%| F|  |TAMS 0x0000000785500000, 0x0000000785500000| Untracked 
|  86|0x0000000785600000, 0x0000000785600000, 0x0000000785700000|  0%| F|  |TAMS 0x0000000785600000, 0x0000000785600000| Untracked 
|  87|0x0000000785700000, 0x0000000785700000, 0x0000000785800000|  0%| F|  |TAMS 0x0000000785700000, 0x0000000785700000| Untracked 
|  88|0x0000000785800000, 0x0000000785800000, 0x0000000785900000|  0%| F|  |TAMS 0x0000000785800000, 0x0000000785800000| Untracked 
|  89|0x0000000785900000, 0x0000000785900000, 0x0000000785a00000|  0%| F|  |TAMS 0x0000000785900000, 0x0000000785900000| Untracked 
|  90|0x0000000785a00000, 0x0000000785a00000, 0x0000000785b00000|  0%| F|  |TAMS 0x0000000785a00000, 0x0000000785a00000| Untracked 
|  91|0x0000000785b00000, 0x0000000785b00000, 0x0000000785c00000|  0%| F|  |TAMS 0x0000000785b00000, 0x0000000785b00000| Untracked 
|  92|0x0000000785c00000, 0x0000000785c00000, 0x0000000785d00000|  0%| F|  |TAMS 0x0000000785c00000, 0x0000000785c00000| Untracked 
|  93|0x0000000785d00000, 0x0000000785d00000, 0x0000000785e00000|  0%| F|  |TAMS 0x0000000785d00000, 0x0000000785d00000| Untracked 
|  94|0x0000000785e00000, 0x0000000785e00000, 0x0000000785f00000|  0%| F|  |TAMS 0x0000000785e00000, 0x0000000785e00000| Untracked 
|  95|0x0000000785f00000, 0x0000000785f00000, 0x0000000786000000|  0%| F|  |TAMS 0x0000000785f00000, 0x0000000785f00000| Untracked 
|  96|0x0000000786000000, 0x0000000786000000, 0x0000000786100000|  0%| F|  |TAMS 0x0000000786000000, 0x0000000786000000| Untracked 
|  97|0x0000000786100000, 0x0000000786100000, 0x0000000786200000|  0%| F|  |TAMS 0x0000000786100000, 0x0000000786100000| Untracked 
|  98|0x0000000786200000, 0x0000000786200000, 0x0000000786300000|  0%| F|  |TAMS 0x0000000786200000, 0x0000000786200000| Untracked 
|  99|0x0000000786300000, 0x0000000786300000, 0x0000000786400000|  0%| F|  |TAMS 0x0000000786300000, 0x0000000786300000| Untracked 
| 100|0x0000000786400000, 0x0000000786400000, 0x0000000786500000|  0%| F|  |TAMS 0x0000000786400000, 0x0000000786400000| Untracked 
| 101|0x0000000786500000, 0x000000078652e960, 0x0000000786600000| 18%| E|  |TAMS 0x0000000786500000, 0x0000000786500000| Complete 
| 102|0x0000000786600000, 0x0000000786700000, 0x0000000786700000|100%| E|CS|TAMS 0x0000000786600000, 0x0000000786600000| Complete 
| 103|0x0000000786700000, 0x0000000786800000, 0x0000000786800000|100%| E|CS|TAMS 0x0000000786700000, 0x0000000786700000| Complete 
| 104|0x0000000786800000, 0x0000000786900000, 0x0000000786900000|100%| E|CS|TAMS 0x0000000786800000, 0x0000000786800000| Complete 
| 105|0x0000000786900000, 0x0000000786a00000, 0x0000000786a00000|100%| E|CS|TAMS 0x0000000786900000, 0x0000000786900000| Complete 
| 106|0x0000000786a00000, 0x0000000786b00000, 0x0000000786b00000|100%| E|CS|TAMS 0x0000000786a00000, 0x0000000786a00000| Complete 
| 107|0x0000000786b00000, 0x0000000786c00000, 0x0000000786c00000|100%| E|CS|TAMS 0x0000000786b00000, 0x0000000786b00000| Complete 
| 108|0x0000000786c00000, 0x0000000786d00000, 0x0000000786d00000|100%| E|CS|TAMS 0x0000000786c00000, 0x0000000786c00000| Complete 
| 109|0x0000000786d00000, 0x0000000786e00000, 0x0000000786e00000|100%| E|CS|TAMS 0x0000000786d00000, 0x0000000786d00000| Complete 
| 110|0x0000000786e00000, 0x0000000786f00000, 0x0000000786f00000|100%| E|CS|TAMS 0x0000000786e00000, 0x0000000786e00000| Complete 
| 111|0x0000000786f00000, 0x0000000787000000, 0x0000000787000000|100%| E|CS|TAMS 0x0000000786f00000, 0x0000000786f00000| Complete 
| 112|0x0000000787000000, 0x0000000787100000, 0x0000000787100000|100%| E|CS|TAMS 0x0000000787000000, 0x0000000787000000| Complete 
| 113|0x0000000787100000, 0x0000000787200000, 0x0000000787200000|100%| E|CS|TAMS 0x0000000787100000, 0x0000000787100000| Complete 
| 114|0x0000000787200000, 0x0000000787300000, 0x0000000787300000|100%| E|CS|TAMS 0x0000000787200000, 0x0000000787200000| Complete 
| 115|0x0000000787300000, 0x0000000787400000, 0x0000000787400000|100%| E|CS|TAMS 0x0000000787300000, 0x0000000787300000| Complete 
| 116|0x0000000787400000, 0x0000000787500000, 0x0000000787500000|100%| E|CS|TAMS 0x0000000787400000, 0x0000000787400000| Complete 
| 117|0x0000000787500000, 0x00000007875bedd0, 0x0000000787600000| 74%| S|CS|TAMS 0x0000000787500000, 0x0000000787500000| Complete 
| 118|0x0000000787600000, 0x0000000787700000, 0x0000000787700000|100%| E|CS|TAMS 0x0000000787600000, 0x0000000787600000| Complete 
| 119|0x0000000787700000, 0x0000000787800000, 0x0000000787800000|100%| E|CS|TAMS 0x0000000787700000, 0x0000000787700000| Complete 
| 120|0x0000000787800000, 0x0000000787900000, 0x0000000787900000|100%| E|CS|TAMS 0x0000000787800000, 0x0000000787800000| Complete 
| 121|0x0000000787900000, 0x0000000787a00000, 0x0000000787a00000|100%| E|CS|TAMS 0x0000000787900000, 0x0000000787900000| Complete 
| 122|0x0000000787a00000, 0x0000000787b00000, 0x0000000787b00000|100%| E|CS|TAMS 0x0000000787a00000, 0x0000000787a00000| Complete 
| 123|0x0000000787b00000, 0x0000000787c00000, 0x0000000787c00000|100%| E|CS|TAMS 0x0000000787b00000, 0x0000000787b00000| Complete 
| 124|0x0000000787c00000, 0x0000000787d00000, 0x0000000787d00000|100%| E|CS|TAMS 0x0000000787c00000, 0x0000000787c00000| Complete 
| 125|0x0000000787d00000, 0x0000000787e00000, 0x0000000787e00000|100%| E|CS|TAMS 0x0000000787d00000, 0x0000000787d00000| Complete 
| 126|0x0000000787e00000, 0x0000000787f00000, 0x0000000787f00000|100%| E|CS|TAMS 0x0000000787e00000, 0x0000000787e00000| Complete 
| 127|0x0000000787f00000, 0x0000000788000000, 0x0000000788000000|100%| E|CS|TAMS 0x0000000787f00000, 0x0000000787f00000| Complete 

Card table byte_map: [0x000000010611d000,0x000000010651d000] _byte_map_base: 0x000000010251d000

Marking Bits (Prev, Next): (CMBitMap*) 0x00007fe4c5820418, (CMBitMap*) 0x00007fe4c5820450
 Prev Bits: [0x000000010691d000, 0x000000010891d000)
 Next Bits: [0x000000010891d000, 0x000000010a91d000)

Polling page: 0x00000001044f7000

Metaspace:

Usage:
  Non-class:     13.28 MB capacity,    12.96 MB ( 98%) used,   290.64 KB (  2%) free+waste,    40.44 KB ( <1%) overhead. 
      Class:      1.56 MB capacity,     1.42 MB ( 91%) used,   117.27 KB (  7%) free+waste,    18.81 KB (  1%) overhead. 
       Both:     14.83 MB capacity,    14.38 MB ( 97%) used,   407.91 KB (  3%) free+waste,    59.25 KB ( <1%) overhead. 

Virtual space:
  Non-class space:       14.00 MB reserved,      13.50 MB ( 96%) committed 
      Class space:        1.00 GB reserved,       1.62 MB ( <1%) committed 
             Both:        1.01 GB reserved,      15.12 MB (  1%) committed 

Chunk freelists:
   Non-Class:  4.75 KB
       Class:  896 bytes
        Both:  5.62 KB

CodeHeap 'non-profiled nmethods': size=120032Kb used=543Kb max_used=543Kb free=119488Kb
 bounds [0x000000011c0f9000, 0x000000011c369000, 0x0000000123631000]
CodeHeap 'profiled nmethods': size=120032Kb used=3295Kb max_used=3295Kb free=116736Kb
 bounds [0x0000000114bc1000, 0x0000000114f01000, 0x000000011c0f9000]
CodeHeap 'non-nmethods': size=5696Kb used=1154Kb max_used=1179Kb free=4541Kb
 bounds [0x0000000114631000, 0x00000001148a1000, 0x0000000114bc1000]
 total_blobs=2189 nmethods=1434 adapters=319
 compilation: enabled
              stopped_count=0, restarted_count=0
 full_count=0

Compilation events (10 events):
Event: 14.891 Thread 0x00007fe4c603e000 1429       3       org.eclipse.jdt.launching.internal.org.objectweb.asm.ClassVisitor::visit (50 bytes)
Event: 14.891 Thread 0x00007fe4c603e000 nmethod 1429 0x0000000114ef5b90 code [0x0000000114ef5d80, 0x0000000114ef61b8]
Event: 14.891 Thread 0x00007fe4c603e000 1431       3       org.eclipse.jdt.launching.internal.org.objectweb.asm.SymbolTable::setMajorVersionAndClassName (19 bytes)
Event: 14.892 Thread 0x00007fe4c603e000 nmethod 1431 0x0000000114ef6310 code [0x0000000114ef64e0, 0x0000000114ef6768]
Event: 14.892 Thread 0x00007fe4c603e000 1432       3       org.eclipse.jdt.launching.internal.weaving.ClassfileTransformer$1::visitSource (125 bytes)
Event: 14.893 Thread 0x00007fe4c603e000 nmethod 1432 0x0000000114ef6890 code [0x0000000114ef6c20, 0x0000000114ef7dd8]
Event: 14.893 Thread 0x00007fe4c603e000 1433       3       org.eclipse.jdt.launching.internal.org.objectweb.asm.ClassVisitor::visitSource (17 bytes)
Event: 14.893 Thread 0x00007fe4c603e000 nmethod 1433 0x0000000114ef8490 code [0x0000000114ef8660, 0x0000000114ef88e8]
Event: 14.893 Thread 0x00007fe4c603e000 1434       3       org.eclipse.jdt.launching.internal.org.objectweb.asm.ClassVisitor::visitEnd (15 bytes)
Event: 14.893 Thread 0x00007fe4c603e000 nmethod 1434 0x0000000114ef8a10 code [0x0000000114ef8be0, 0x0000000114ef8e48]

GC Heap History (4 events):
Event: 0.494 GC heap before
{Heap before GC invocations=0 (full 0):
 garbage-first heap   total 131072K, used 14336K [0x0000000780000000, 0x0000000800000000)
  region size 1024K, 14 young (14336K), 0 survivors (0K)
 Metaspace       used 9022K, capacity 9115K, committed 9344K, reserved 1058816K
  class space    used 782K, capacity 802K, committed 896K, reserved 1048576K
}
Event: 0.498 GC heap after
{Heap after GC invocations=1 (full 0):
 garbage-first heap   total 131072K, used 6726K [0x0000000780000000, 0x0000000800000000)
  region size 1024K, 2 young (2048K), 2 survivors (2048K)
 Metaspace       used 9022K, capacity 9115K, committed 9344K, reserved 1058816K
  class space    used 782K, capacity 802K, committed 896K, reserved 1048576K
}
Event: 0.692 GC heap before
{Heap before GC invocations=1 (full 0):
 garbage-first heap   total 131072K, used 16966K [0x0000000780000000, 0x0000000800000000)
  region size 1024K, 12 young (12288K), 2 survivors (2048K)
 Metaspace       used 11209K, capacity 11406K, committed 11648K, reserved 1060864K
  class space    used 1018K, capacity 1073K, committed 1152K, reserved 1048576K
}
Event: 0.699 GC heap after
{Heap after GC invocations=2 (full 0):
 garbage-first heap   total 131072K, used 7497K [0x0000000780000000, 0x0000000800000000)
  region size 1024K, 1 young (1024K), 1 survivors (1024K)
 Metaspace       used 11209K, capacity 11406K, committed 11648K, reserved 1060864K
  class space    used 1018K, capacity 1073K, committed 1152K, reserved 1048576K
}

Deoptimization events (10 events):
Event: 0.549 Thread 0x00007fe4c4819800 Uncommon trap: reason=unstable_if action=reinterpret pc=0x000000011c127c9c method=java.util.jar.Manifest$FastInputStream.readLine([BII)I @ 90 c2
Event: 0.699 Thread 0x00007fe4c4819800 Uncommon trap: reason=unstable_if action=reinterpret pc=0x000000011c13d318 method=org.eclipse.jdt.launching.internal.org.objectweb.asm.ClassReader.readUtf(II[C)Ljava/lang/String; @ 41 c2
Event: 0.699 Thread 0x00007fe4c4819800 Uncommon trap: reason=unstable_if action=reinterpret pc=0x000000011c102fa4 method=java.lang.String.isLatin1()Z @ 10 c2
Event: 0.699 Thread 0x00007fe4c4819800 Uncommon trap: reason=unstable_if action=reinterpret pc=0x000000011c12c684 method=org.eclipse.jdt.launching.internal.org.objectweb.asm.ClassReader.readUtf(II[C)Ljava/lang/String; @ 41 c2
Event: 0.699 Thread 0x00007fe4c4819800 Uncommon trap: reason=unstable_if action=reinterpret pc=0x000000011c10e7fc method=java.lang.String.isLatin1()Z @ 10 c2
Event: 0.704 Thread 0x00007fe4c4819800 Uncommon trap: reason=unstable_if action=reinterpret pc=0x000000011c0fac74 method=java.lang.String.isLatin1()Z @ 10 c2
Event: 0.823 Thread 0x00007fe4c4819800 Uncommon trap: reason=unstable_if action=reinterpret pc=0x000000011c1523d0 method=java.util.HashMap.getNode(ILjava/lang/Object;)Ljava/util/HashMap$Node; @ 62 c2
Event: 0.823 Thread 0x00007fe4c4819800 Uncommon trap: reason=unstable_if action=reinterpret pc=0x000000011c13790c method=java.util.HashMap.putVal(ILjava/lang/Object;Ljava/lang/Object;ZZ)Ljava/lang/Object; @ 94 c2
Event: 0.823 Thread 0x00007fe4c4819800 Uncommon trap: reason=unstable_if action=reinterpret pc=0x000000011c128aa8 method=java.util.HashMap.getNode(ILjava/lang/Object;)Ljava/util/HashMap$Node; @ 62 c2
Event: 0.877 Thread 0x00007fe4c4819800 Uncommon trap: reason=unstable_if action=reinterpret pc=0x000000011c1546cc method=org.eclipse.jdt.launching.internal.org.objectweb.asm.ByteVector.putShort(I)Lorg/eclipse/jdt/launching/internal/org/objectweb/asm/ByteVector; @ 13 c2

Classes redefined (4 events):
Event: 2.406 Thread 0x00007fe4c5880000 redefined class name=com.imyc.SBAP.Http.auth.service.TestAuthService, count=1
Event: 14.880 Thread 0x00007fe4c5880000 redefined class name=com.imyc.SBAP.Http.auth.service.TestAuthService, count=2
Event: 22.017 Thread 0x00007fe4c5880000 redefined class name=com.imyc.SBAP.Http.auth.service.TestAuthService, count=3
Event: 24.581 Thread 0x00007fe4c5880000 redefined class name=com.imyc.SBAP.Http.auth.service.TestAuthService, count=4

Internal exceptions (10 events):
Event: 0.804 Thread 0x00007fe4c4819800 Exception <a 'java/lang/NoSuchMethodError'{0x0000000787a4b640}: java.lang.invoke.DirectMethodHandle$Holder.invokeStaticInit(Ljava/lang/Object;Ljava/lang/Object;Ljava/lang/Object;)V> (0x0000000787a4b640) thrown at [/scratch/mesos/slaves/2dd962d0-8988-479b-
Event: 0.874 Thread 0x00007fe4c4819800 Exception <a 'java/lang/NoSuchMethodError'{0x0000000787717bb8}: java.lang.invoke.DirectMethodHandle$Holder.invokeSpecialIFC(Ljava/lang/Object;Ljava/lang/Object;Ljava/lang/Object;Ljava/lang/Object;)Ljava/lang/Object;> (0x0000000787717bb8) thrown at [/scrat
Event: 0.876 Thread 0x00007fe4c4819800 Exception <a 'java/lang/IncompatibleClassChangeError'{0x00000007877353f8}: Found class java.lang.Object, but interface was expected> (0x00000007877353f8) thrown at [/scratch/mesos/slaves/2dd962d0-8988-479b-a804-57ab764ada59-S81215/frameworks/1735e8a2-a1db
Event: 1.021 Thread 0x00007fe4c4819800 Exception <a 'java/lang/NoSuchMethodError'{0x0000000786e8c2e8}: java.lang.invoke.DirectMethodHandle$Holder.invokeVirtual(Ljava/lang/Object;Ljava/lang/Object;Ljava/lang/Object;)Ljava/lang/Object;> (0x0000000786e8c2e8) thrown at [/scratch/mesos/slaves/2dd96
Event: 1.029 Thread 0x00007fe4c4819800 Exception <a 'java/lang/NoSuchMethodError'{0x0000000786edde10}: java.lang.invoke.DirectMethodHandle$Holder.invokeSpecial(Ljava/lang/Object;Ljava/lang/Object;Ljava/lang/Object;Ljava/lang/Object;Ljava/lang/Object;Ljava/lang/Object;)V> (0x0000000786edde10) t
Event: 1.031 Thread 0x00007fe4c4819800 Exception <a 'java/lang/NoSuchMethodError'{0x0000000786d164e0}: java.lang.invoke.DirectMethodHandle$Holder.invokeInterface(Ljava/lang/Object;Ljava/lang/Object;Ljava/lang/Object;Ljava/lang/Object;)V> (0x0000000786d164e0) thrown at [/scratch/mesos/slaves/2d
Event: 1.031 Thread 0x00007fe4c4819800 Exception <a 'java/lang/IncompatibleClassChangeError'{0x0000000786d192a0}: Found class java.lang.Object, but interface was expected> (0x0000000786d192a0) thrown at [/scratch/mesos/slaves/2dd962d0-8988-479b-a804-57ab764ada59-S81215/frameworks/1735e8a2-a1db
Event: 1.033 Thread 0x00007fe4c4819800 Exception <a 'java/lang/NoSuchMethodError'{0x0000000786d3c770}: java.lang.invoke.DirectMethodHandle$Holder.invokeStatic(Ljava/lang/Object;Ljava/lang/Object;Ljava/lang/Object;Ljava/lang/Object;)V> (0x0000000786d3c770) thrown at [/scratch/mesos/slaves/2dd96
Event: 1.057 Thread 0x00007fe4c4819800 Exception <a 'java/lang/NoSuchMethodError'{0x0000000786cffd50}: java.lang.invoke.DirectMethodHandle$Holder.invokeSpecial(Ljava/lang/Object;Ljava/lang/Object;)V> (0x0000000786cffd50) thrown at [/scratch/mesos/slaves/2dd962d0-8988-479b-a804-57ab764ada59-S81
Event: 1.128 Thread 0x00007fe4c4819800 Exception <a 'java/lang/NoSuchMethodError'{0x00000007867326c8}: java.lang.invoke.DirectMethodHandle$Holder.invokeSpecial(Ljava/lang/Object;Ljava/lang/Object;Ljava/lang/Object;Ljava/lang/Object;)I> (0x00000007867326c8) thrown at [/scratch/mesos/slaves/2dd9

Events (10 events):
Event: 24.590 Executing VM operation: GetStackTrace done
Event: 24.912 Executing VM operation: GetFrameCount
Event: 24.912 Executing VM operation: GetFrameCount done
Event: 24.913 Executing VM operation: GetOwnedMonitorInfo
Event: 24.913 Executing VM operation: GetOwnedMonitorInfo done
Event: 24.913 Executing VM operation: GetCurrentContendedMonitor
Event: 24.913 Executing VM operation: GetCurrentContendedMonitor done
Event: 24.915 Executing VM operation: GetFrameLocation
Event: 24.915 Executing VM operation: GetFrameLocation done
Event: 24.915 Executing VM operation: GetOrSetLocal


Dynamic libraries:
0x00007fff2e626000 	/System/Library/Frameworks/Cocoa.framework/Versions/A/Cocoa
0x00007fff3be1d000 	/System/Library/Frameworks/Security.framework/Versions/A/Security
0x00007fff2d58b000 	/System/Library/Frameworks/ApplicationServices.framework/Versions/A/ApplicationServices
0x00007fff68ada000 	/usr/lib/libz.1.dylib
0x00007fff6659e000 	/usr/lib/libSystem.B.dylib
0x00007fff2f4c8000 	/System/Library/Frameworks/CoreFoundation.framework/Versions/A/CoreFoundation
0x00007fff31b85000 	/System/Library/Frameworks/Foundation.framework/Versions/C/Foundation
0x00007fff683fe000 	/usr/lib/libobjc.A.dylib
0x00007fff2c77b000 	/System/Library/Frameworks/AppKit.framework/Versions/C/AppKit
0x00007fff2efaa000 	/System/Library/Frameworks/CoreData.framework/Versions/A/CoreData
0x00007fff605b3000 	/System/Library/PrivateFrameworks/UIFoundation.framework/Versions/A/UIFoundation
0x00007fff5b647000 	/System/Library/PrivateFrameworks/RemoteViewServices.framework/Versions/A/RemoteViewServices
0x00007fff6310e000 	/System/Library/PrivateFrameworks/XCTTargetBootstrap.framework/Versions/A/XCTTargetBootstrap
0x00007fff2f395000 	/System/Library/Frameworks/CoreDisplay.framework/Versions/A/CoreDisplay
0x00007fff34a40000 	/System/Library/Frameworks/Metal.framework/Versions/A/Metal
0x00007fff49634000 	/System/Library/PrivateFrameworks/DesktopServicesPriv.framework/Versions/A/DesktopServicesPriv
0x00007fff676d9000 	/usr/lib/liblangid.dylib
0x00007fff488c9000 	/System/Library/PrivateFrameworks/CoreSVG.framework/Versions/A/CoreSVG
0x00007fff5e7a3000 	/System/Library/PrivateFrameworks/SkyLight.framework/Versions/A/SkyLight
0x00007fff2f949000 	/System/Library/Frameworks/CoreGraphics.framework/Versions/A/CoreGraphics
0x00007fff2b14f000 	/System/Library/Frameworks/Accelerate.framework/Versions/A/Accelerate
0x00007fff689cb000 	/usr/lib/libxml2.2.dylib
0x00007fff545d2000 	/System/Library/PrivateFrameworks/IconServices.framework/Versions/A/IconServices
0x00007fff32364000 	/System/Library/Frameworks/IOSurface.framework/Versions/A/IOSurface
0x00007fff660c8000 	/usr/lib/libDiagnosticMessagesClient.dylib
0x00007fff4948e000 	/System/Library/PrivateFrameworks/DFRFoundation.framework/Versions/A/DFRFoundation
0x00007fff67468000 	/usr/lib/libicucore.A.dylib
0x00007fff2d8bd000 	/System/Library/Frameworks/AudioToolbox.framework/Versions/A/AudioToolbox
0x00007fff2d9a0000 	/System/Library/Frameworks/AudioUnit.framework/Versions/A/AudioUnit
0x00007fff667a0000 	/usr/lib/libauto.dylib
0x00007fff49530000 	/System/Library/PrivateFrameworks/DataDetectorsCore.framework/Versions/A/DataDetectorsCore
0x00007fff2e147000 	/System/Library/Frameworks/Carbon.framework/Versions/A/Frameworks/HIToolbox.framework/Versions/A/HIToolbox
0x00007fff3b019000 	/System/Library/Frameworks/QuartzCore.framework/Versions/A/QuartzCore
0x00007fff2e486000 	/System/Library/Frameworks/Carbon.framework/Versions/A/Frameworks/SpeechRecognition.framework/Versions/A/SpeechRecognition
0x00007fff48fa2000 	/System/Library/PrivateFrameworks/CoreUI.framework/Versions/A/CoreUI
0x00007fff2ea15000 	/System/Library/Frameworks/CoreAudio.framework/Versions/A/CoreAudio
0x00007fff31844000 	/System/Library/Frameworks/DiskArbitration.framework/Versions/A/DiskArbitration
0x00007fff56622000 	/System/Library/PrivateFrameworks/MultitouchSupport.framework/Versions/A/MultitouchSupport
0x00007fff6732f000 	/usr/lib/libenergytrace.dylib
0x00007fff322be000 	/System/Library/Frameworks/IOKit.framework/Versions/A/IOKit
0x00007fff308b0000 	/System/Library/Frameworks/CoreServices.framework/Versions/A/CoreServices
0x00007fff587da000 	/System/Library/PrivateFrameworks/PerformanceAnalysis.framework/Versions/A/PerformanceAnalysis
0x00007fff3a04c000 	/System/Library/Frameworks/OpenGL.framework/Versions/A/OpenGL
0x00007fff2e634000 	/System/Library/Frameworks/ColorSync.framework/Versions/A/ColorSync
0x00007fff2ffcc000 	/System/Library/Frameworks/CoreImage.framework/Versions/A/CoreImage
0x00007fff31323000 	/System/Library/Frameworks/CoreText.framework/Versions/A/CoreText
0x00007fff323f4000 	/System/Library/Frameworks/ImageIO.framework/Versions/A/ImageIO
0x00007fff66884000 	/usr/lib/libc++.1.dylib
0x00007fff66900000 	/usr/lib/libcompression.dylib
0x00007fff6640c000 	/usr/lib/libMobileGestalt.dylib
0x00007fff6031d000 	/System/Library/PrivateFrameworks/TextureIO.framework/Versions/A/TextureIO
0x00007fff66703000 	/usr/lib/libate.dylib
0x00007fff547db000 	/System/Library/PrivateFrameworks/InternationalSupport.framework/Versions/A/InternationalSupport
0x00007fff6939b000 	/usr/lib/system/libcache.dylib
0x00007fff693a1000 	/usr/lib/system/libcommonCrypto.dylib
0x00007fff693ad000 	/usr/lib/system/libcompiler_rt.dylib
0x00007fff693b5000 	/usr/lib/system/libcopyfile.dylib
0x00007fff693bf000 	/usr/lib/system/libcorecrypto.dylib
0x00007fff6955e000 	/usr/lib/system/libdispatch.dylib
0x00007fff6959f000 	/usr/lib/system/libdyld.dylib
0x00007fff695d6000 	/usr/lib/system/libkeymgr.dylib
0x00007fff695e4000 	/usr/lib/system/liblaunch.dylib
0x00007fff695e5000 	/usr/lib/system/libmacho.dylib
0x00007fff695eb000 	/usr/lib/system/libquarantine.dylib
0x00007fff695ee000 	/usr/lib/system/libremovefile.dylib
0x00007fff695f0000 	/usr/lib/system/libsystem_asl.dylib
0x00007fff69608000 	/usr/lib/system/libsystem_blocks.dylib
0x00007fff69609000 	/usr/lib/system/libsystem_c.dylib
0x00007fff69691000 	/usr/lib/system/libsystem_configuration.dylib
0x00007fff69695000 	/usr/lib/system/libsystem_coreservices.dylib
0x00007fff69699000 	/usr/lib/system/libsystem_darwin.dylib
0x00007fff696a2000 	/usr/lib/system/libsystem_dnssd.dylib
0x00007fff696aa000 	/usr/lib/system/libsystem_featureflags.dylib
0x00007fff696ac000 	/usr/lib/system/libsystem_info.dylib
0x00007fff69727000 	/usr/lib/system/libsystem_m.dylib
0x00007fff6976f000 	/usr/lib/system/libsystem_malloc.dylib
0x00007fff69797000 	/usr/lib/system/libsystem_networkextension.dylib
0x00007fff697a5000 	/usr/lib/system/libsystem_notify.dylib
0x00007fff697c3000 	/usr/lib/system/libsystem_sandbox.dylib
0x00007fff697c8000 	/usr/lib/system/libsystem_secinit.dylib
0x00007fff696fa000 	/usr/lib/system/libsystem_kernel.dylib
0x00007fff697af000 	/usr/lib/system/libsystem_platform.dylib
0x00007fff697b8000 	/usr/lib/system/libsystem_pthread.dylib
0x00007fff697cb000 	/usr/lib/system/libsystem_symptoms.dylib
0x00007fff697d3000 	/usr/lib/system/libsystem_trace.dylib
0x00007fff697eb000 	/usr/lib/system/libunwind.dylib
0x00007fff697f1000 	/usr/lib/system/libxpc.dylib
0x00007fff668d7000 	/usr/lib/libc++abi.dylib
0x00007fff676db000 	/usr/lib/liblzma.5.dylib
0x00007fff67356000 	/usr/lib/libfakelink.dylib
0x00007fff66690000 	/usr/lib/libarchive.2.dylib
0x00007fff3cece000 	/System/Library/Frameworks/SystemConfiguration.framework/Versions/A/SystemConfiguration
0x00007fff65ffb000 	/usr/lib/libCRFSuite.dylib
0x00007fff2dd37000 	/System/Library/Frameworks/CFNetwork.framework/Versions/A/CFNetwork
0x00007fff66866000 	/usr/lib/libbsm.0.dylib
0x00007fff695d7000 	/usr/lib/system/libkxld.dylib
0x00007fff42e0b000 	/System/Library/PrivateFrameworks/AppleFSCompression.framework/Versions/A/AppleFSCompression
0x00007fff66bf1000 	/usr/lib/libcoretls.dylib
0x00007fff66c08000 	/usr/lib/libcoretls_cfhelpers.dylib
0x00007fff68444000 	/usr/lib/libpam.2.dylib
0x00007fff68579000 	/usr/lib/libsqlite3.dylib
0x00007fff689b8000 	/usr/lib/libxar.1.dylib
0x00007fff66877000 	/usr/lib/libbz2.1.0.dylib
0x00007fff67377000 	/usr/lib/libiconv.2.dylib
0x00007fff668ed000 	/usr/lib/libcharset.1.dylib
0x00007fff67ee1000 	/usr/lib/libnetwork.dylib
0x00007fff6844b000 	/usr/lib/libpcap.A.dylib
0x00007fff66645000 	/usr/lib/libapple_nghttp2.dylib
0x00007fff30c67000 	/System/Library/Frameworks/CoreServices.framework/Versions/A/Frameworks/FSEvents.framework/Versions/A/FSEvents
0x00007fff30937000 	/System/Library/Frameworks/CoreServices.framework/Versions/A/Frameworks/CarbonCore.framework/Versions/A/CarbonCore
0x00007fff30eab000 	/System/Library/Frameworks/CoreServices.framework/Versions/A/Frameworks/Metadata.framework/Versions/A/Metadata
0x00007fff30f44000 	/System/Library/Frameworks/CoreServices.framework/Versions/A/Frameworks/OSServices.framework/Versions/A/OSServices
0x00007fff30f72000 	/System/Library/Frameworks/CoreServices.framework/Versions/A/Frameworks/SearchKit.framework/Versions/A/SearchKit
0x00007fff308b1000 	/System/Library/Frameworks/CoreServices.framework/Versions/A/Frameworks/AE.framework/Versions/A/AE
0x00007fff30c70000 	/System/Library/Frameworks/CoreServices.framework/Versions/A/Frameworks/LaunchServices.framework/Versions/A/LaunchServices
0x00007fff30c19000 	/System/Library/Frameworks/CoreServices.framework/Versions/A/Frameworks/DictionaryServices.framework/Versions/A/DictionaryServices
0x00007fff30fda000 	/System/Library/Frameworks/CoreServices.framework/Versions/A/Frameworks/SharedFileList.framework/Versions/A/SharedFileList
0x00007fff35e6b000 	/System/Library/Frameworks/NetFS.framework/Versions/A/NetFS
0x00007fff56b52000 	/System/Library/PrivateFrameworks/NetAuth.framework/Versions/A/NetAuth
0x00007fff634db000 	/System/Library/PrivateFrameworks/login.framework/Versions/A/Frameworks/loginsupport.framework/Versions/A/loginsupport
0x00007fff5fde8000 	/System/Library/PrivateFrameworks/TCC.framework/Versions/A/TCC
0x00007fff47a3c000 	/System/Library/PrivateFrameworks/CoreNLP.framework/Versions/A/CoreNLP
0x00007fff5604f000 	/System/Library/PrivateFrameworks/MetadataUtilities.framework/Versions/A/MetadataUtilities
0x00007fff677b3000 	/usr/lib/libmecabra.dylib
0x00007fff6770b000 	/usr/lib/libmecab.dylib
0x00007fff67367000 	/usr/lib/libgermantok.dylib
0x00007fff6662c000 	/usr/lib/libThaiTokenizer.dylib
0x00007fff66032000 	/usr/lib/libChineseTokenizer.dylib
0x00007fff2b167000 	/System/Library/Frameworks/Accelerate.framework/Versions/A/Frameworks/vImage.framework/Versions/A/vImage
0x00007fff2c5d1000 	/System/Library/Frameworks/Accelerate.framework/Versions/A/Frameworks/vecLib.framework/Versions/A/vecLib
0x00007fff2c50e000 	/System/Library/Frameworks/Accelerate.framework/Versions/A/Frameworks/vecLib.framework/Versions/A/libvMisc.dylib
0x00007fff2c336000 	/System/Library/Frameworks/Accelerate.framework/Versions/A/Frameworks/vecLib.framework/Versions/A/libvDSP.dylib
0x00007fff2b7be000 	/System/Library/Frameworks/Accelerate.framework/Versions/A/Frameworks/vecLib.framework/Versions/A/libBLAS.dylib
0x00007fff2befa000 	/System/Library/Frameworks/Accelerate.framework/Versions/A/Frameworks/vecLib.framework/Versions/A/libLAPACK.dylib
0x00007fff2c296000 	/System/Library/Frameworks/Accelerate.framework/Versions/A/Frameworks/vecLib.framework/Versions/A/libLinearAlgebra.dylib
0x00007fff2c323000 	/System/Library/Frameworks/Accelerate.framework/Versions/A/Frameworks/vecLib.framework/Versions/A/libSparseBLAS.dylib
0x00007fff2c2ac000 	/System/Library/Frameworks/Accelerate.framework/Versions/A/Frameworks/vecLib.framework/Versions/A/libQuadrature.dylib
0x00007fff2ba26000 	/System/Library/Frameworks/Accelerate.framework/Versions/A/Frameworks/vecLib.framework/Versions/A/libBNNS.dylib
0x00007fff2c2b2000 	/System/Library/Frameworks/Accelerate.framework/Versions/A/Frameworks/vecLib.framework/Versions/A/libSparse.dylib
0x00007fff54bc3000 	/System/Library/PrivateFrameworks/LanguageModeling.framework/Versions/A/LanguageModeling
0x00007fff473ec000 	/System/Library/PrivateFrameworks/CoreEmoji.framework/Versions/A/CoreEmoji
0x00007fff54ce1000 	/System/Library/PrivateFrameworks/LinguisticData.framework/Versions/A/LinguisticData
0x00007fff54c92000 	/System/Library/PrivateFrameworks/Lexicon.framework/Versions/A/Lexicon
0x00007fff668ee000 	/usr/lib/libcmph.dylib
0x00007fff38a5a000 	/System/Library/Frameworks/OpenDirectory.framework/Versions/A/Frameworks/CFOpenDirectory.framework/Versions/A/CFOpenDirectory
0x00007fff38a77000 	/System/Library/Frameworks/OpenDirectory.framework/Versions/A/OpenDirectory
0x00007fff40eb8000 	/System/Library/PrivateFrameworks/APFS.framework/Versions/A/APFS
0x00007fff3c167000 	/System/Library/Frameworks/SecurityFoundation.framework/Versions/A/SecurityFoundation
0x00007fff689b4000 	/usr/lib/libutil.dylib
0x00007fff48921000 	/System/Library/PrivateFrameworks/CoreServicesStore.framework/Versions/A/CoreServicesStore
0x00007fff3c21e000 	/System/Library/Frameworks/ServiceManagement.framework/Versions/A/ServiceManagement
0x00007fff445db000 	/System/Library/PrivateFrameworks/BackgroundTaskManagement.framework/Versions/A/BackgroundTaskManagement
0x00007fff68ab1000 	/usr/lib/libxslt.1.dylib
0x00007fff4347e000 	/System/Library/PrivateFrameworks/AppleSystemInfo.framework/Versions/A/AppleSystemInfo
0x00007fff3260f000 	/System/Library/Frameworks/ImageIO.framework/Versions/A/Resources/libJPEG.dylib
0x00007fff328ce000 	/System/Library/Frameworks/ImageIO.framework/Versions/A/Resources/libTIFF.dylib
0x00007fff328b1000 	/System/Library/Frameworks/ImageIO.framework/Versions/A/Resources/libPng.dylib
0x00007fff32551000 	/System/Library/Frameworks/ImageIO.framework/Versions/A/Resources/libGIF.dylib
0x00007fff32555000 	/System/Library/Frameworks/ImageIO.framework/Versions/A/Resources/libJP2.dylib
0x00007fff328cc000 	/System/Library/Frameworks/ImageIO.framework/Versions/A/Resources/libRadiance.dylib
0x00007fff67330000 	/usr/lib/libexpat.1.dylib
0x00007fff42f66000 	/System/Library/PrivateFrameworks/AppleJPEG.framework/Versions/A/AppleJPEG
0x00007fff4bc37000 	/System/Library/PrivateFrameworks/FontServices.framework/libFontParser.dylib
0x00007fff624dd000 	/System/Library/PrivateFrameworks/WatchdogClient.framework/Versions/A/WatchdogClient
0x00007fff5421e000 	/System/Library/PrivateFrameworks/IOAccelerator.framework/Versions/A/IOAccelerator
0x00007fff34ddb000 	/System/Library/Frameworks/MetalPerformanceShaders.framework/Versions/A/MetalPerformanceShaders
0x00007fff509b4000 	/System/Library/PrivateFrameworks/GPUWrangler.framework/Versions/A/GPUWrangler
0x00007fff54233000 	/System/Library/PrivateFrameworks/IOPresentment.framework/Versions/A/IOPresentment
0x00007fff494a1000 	/System/Library/PrivateFrameworks/DSExternalDisplay.framework/Versions/A/DSExternalDisplay
0x00007fff393eb000 	/System/Library/Frameworks/OpenGL.framework/Versions/A/Libraries/libCoreFSCache.dylib
0x00007fff34b27000 	/System/Library/Frameworks/MetalPerformanceShaders.framework/Frameworks/MPSCore.framework/Versions/A/MPSCore
0x00007fff34b65000 	/System/Library/Frameworks/MetalPerformanceShaders.framework/Frameworks/MPSImage.framework/Versions/A/MPSImage
0x00007fff34c2c000 	/System/Library/Frameworks/MetalPerformanceShaders.framework/Frameworks/MPSNeuralNetwork.framework/Versions/A/MPSNeuralNetwork
0x00007fff34bf0000 	/System/Library/Frameworks/MetalPerformanceShaders.framework/Frameworks/MPSMatrix.framework/Versions/A/MPSMatrix
0x00007fff34d8b000 	/System/Library/Frameworks/MetalPerformanceShaders.framework/Frameworks/MPSRayIntersector.framework/Versions/A/MPSRayIntersector
0x00007fff34c16000 	/System/Library/Frameworks/MetalPerformanceShaders.framework/Frameworks/MPSNDArray.framework/Versions/A/MPSNDArray
0x00007fff5609c000 	/System/Library/PrivateFrameworks/MetalTools.framework/Versions/A/MetalTools
0x00007fff42092000 	/System/Library/PrivateFrameworks/AggregateDictionary.framework/Versions/A/AggregateDictionary
0x00007fff46e34000 	/System/Library/PrivateFrameworks/CoreAnalytics.framework/Versions/A/CoreAnalytics
0x00007fff4339d000 	/System/Library/PrivateFrameworks/AppleSauce.framework/Versions/A/AppleSauce
0x00007fff662ee000 	/usr/lib/libIOReport.dylib
0x00007fff314db000 	/System/Library/Frameworks/CoreVideo.framework/Versions/A/CoreVideo
0x00007fff51e2d000 	/System/Library/PrivateFrameworks/GraphVisualizer.framework/Versions/A/GraphVisualizer
0x00007fff4b17d000 	/System/Library/PrivateFrameworks/FaceCore.framework/Versions/A/FaceCore
0x00007fff38a01000 	/System/Library/Frameworks/OpenCL.framework/Versions/A/OpenCL
0x00007fff66110000 	/usr/lib/libFosl_dynamic.dylib
0x00007fff57572000 	/System/Library/PrivateFrameworks/OTSVG.framework/Versions/A/OTSVG
0x00007fff2d690000 	/System/Library/Frameworks/ApplicationServices.framework/Versions/A/Frameworks/ATS.framework/Versions/A/Resources/libFontRegistry.dylib
0x00007fff4be08000 	/System/Library/PrivateFrameworks/FontServices.framework/libhvf.dylib
0x00007fff393f6000 	/System/Library/Frameworks/OpenGL.framework/Versions/A/Libraries/libGFXShared.dylib
0x00007fff395d4000 	/System/Library/Frameworks/OpenGL.framework/Versions/A/Libraries/libGLU.dylib
0x00007fff393ff000 	/System/Library/Frameworks/OpenGL.framework/Versions/A/Libraries/libGL.dylib
0x00007fff3940a000 	/System/Library/Frameworks/OpenGL.framework/Versions/A/Libraries/libGLImage.dylib
0x00007fff393e8000 	/System/Library/Frameworks/OpenGL.framework/Versions/A/Libraries/libCVMSPluginSupport.dylib
0x00007fff393f1000 	/System/Library/Frameworks/OpenGL.framework/Versions/A/Libraries/libCoreVMClient.dylib
0x00007fff67d82000 	/usr/lib/libncurses.5.4.dylib
0x00007fff2d58c000 	/System/Library/Frameworks/ApplicationServices.framework/Versions/A/Frameworks/ATS.framework/Versions/A/ATS
0x00007fff2d759000 	/System/Library/Frameworks/ApplicationServices.framework/Versions/A/Frameworks/ColorSyncLegacy.framework/Versions/A/ColorSyncLegacy
0x00007fff2d7f7000 	/System/Library/Frameworks/ApplicationServices.framework/Versions/A/Frameworks/HIServices.framework/Versions/A/HIServices
0x00007fff2d84f000 	/System/Library/Frameworks/ApplicationServices.framework/Versions/A/Frameworks/LangAnalysis.framework/Versions/A/LangAnalysis
0x00007fff2d85e000 	/System/Library/Frameworks/ApplicationServices.framework/Versions/A/Frameworks/PrintCore.framework/Versions/A/PrintCore
0x00007fff2d8a4000 	/System/Library/Frameworks/ApplicationServices.framework/Versions/A/Frameworks/QD.framework/Versions/A/QD
0x00007fff2d8af000 	/System/Library/Frameworks/ApplicationServices.framework/Versions/A/Frameworks/SpeechSynthesis.framework/Versions/A/SpeechSynthesis
0x00007fff2d729000 	/System/Library/Frameworks/ApplicationServices.framework/Versions/A/Frameworks/ATSUI.framework/Versions/A/ATSUI
0x00007fff671c6000 	/usr/lib/libcups.2.dylib
0x00007fff33e76000 	/System/Library/Frameworks/Kerberos.framework/Versions/A/Kerberos
0x00007fff31fb7000 	/System/Library/Frameworks/GSS.framework/Versions/A/GSS
0x00007fff68505000 	/usr/lib/libresolv.9.dylib
0x00007fff51fda000 	/System/Library/PrivateFrameworks/Heimdal.framework/Versions/A/Heimdal
0x00007fff33e89000 	/System/Library/Frameworks/Kerberos.framework/Versions/A/Libraries/libHeimdalProxy.dylib
0x00007fff6736d000 	/usr/lib/libheimdal-asn1.dylib
0x00007fff462cc000 	/System/Library/PrivateFrameworks/CommonAuth.framework/Versions/A/CommonAuth
0x00007fff4351b000 	/System/Library/PrivateFrameworks/AssertionServices.framework/Versions/A/AssertionServices
0x00007fff440be000 	/System/Library/PrivateFrameworks/AudioToolboxCore.framework/Versions/A/AudioToolboxCore
0x00007fff6318b000 	/System/Library/PrivateFrameworks/caulk.framework/Versions/A/caulk
0x00007fff44687000 	/System/Library/PrivateFrameworks/BaseBoard.framework/Versions/A/BaseBoard
0x00007fff5b7d5000 	/System/Library/PrivateFrameworks/RunningBoardServices.framework/Versions/A/RunningBoardServices
0x00007fff587e6000 	/System/Library/PrivateFrameworks/PersistentConnection.framework/Versions/A/PersistentConnection
0x00007fff5b1ce000 	/System/Library/PrivateFrameworks/ProtocolBuffer.framework/Versions/A/ProtocolBuffer
0x00007fff462f0000 	/System/Library/PrivateFrameworks/CommonUtilities.framework/Versions/A/CommonUtilities
0x00007fff44815000 	/System/Library/PrivateFrameworks/Bom.framework/Versions/A/Bom
0x00007fff65fc1000 	/usr/lib/libAudioToolboxUtility.dylib
0x00007fff445e5000 	/System/Library/PrivateFrameworks/Backup.framework/Versions/A/Backup
0x00007fff493c2000 	/System/Library/PrivateFrameworks/CrashReporterSupport.framework/Versions/A/CrashReporterSupport
0x00007fff5d267000 	/System/Library/PrivateFrameworks/Sharing.framework/Versions/A/Sharing
0x00007fff42b29000 	/System/Library/PrivateFrameworks/Apple80211.framework/Versions/A/Apple80211
0x00007fff44302000 	/System/Library/PrivateFrameworks/AuthKit.framework/Versions/A/AuthKit
0x00007fff490cf000 	/System/Library/PrivateFrameworks/CoreUtils.framework/Versions/A/CoreUtils
0x00007fff31520000 	/System/Library/Frameworks/CoreWLAN.framework/Versions/A/CoreWLAN
0x00007fff32144000 	/System/Library/Frameworks/IOBluetooth.framework/Versions/A/IOBluetooth
0x00007fff563a1000 	/System/Library/PrivateFrameworks/MobileKeyBag.framework/Versions/A/MobileKeyBag
0x00007fff47ed4000 	/System/Library/PrivateFrameworks/CorePhoneNumbers.framework/Versions/A/CorePhoneNumbers
0x00007fff42f19000 	/System/Library/PrivateFrameworks/AppleIDAuthSupport.framework/Versions/A/AppleIDAuthSupport
0x00007fff35e78000 	/System/Library/Frameworks/Network.framework/Versions/A/Network
0x00007fff54a6f000 	/System/Library/PrivateFrameworks/KeychainCircle.framework/Versions/A/KeychainCircle
0x00007fff2ef71000 	/System/Library/Frameworks/CoreBluetooth.framework/Versions/A/CoreBluetooth
0x00007fff5f2e6000 	/System/Library/PrivateFrameworks/SpeechRecognitionCore.framework/Versions/A/SpeechRecognitionCore
0x00007fff225a6000 	/System/Library/CoreServices/Encodings/libTraditionalChineseConverter.dylib
0x0000000104e00000 	/Library/Java/JavaVirtualMachines/openjdk-11.0.2.jdk/Contents/Home/lib/server/libjvm.dylib
0x00000001044bd000 	/Library/Java/JavaVirtualMachines/openjdk-11.0.2.jdk/Contents/Home/lib/libverify.dylib
0x00000001044c9000 	/Library/Java/JavaVirtualMachines/openjdk-11.0.2.jdk/Contents/Home/lib/libjava.dylib
0x00000001044f9000 	/Library/Java/JavaVirtualMachines/openjdk-11.0.2.jdk/Contents/Home/lib/libjdwp.dylib
0x0000000104531000 	/Library/Java/JavaVirtualMachines/openjdk-11.0.2.jdk/Contents/Home/lib/libinstrument.dylib
0x0000000104598000 	/Library/Java/JavaVirtualMachines/openjdk-11.0.2.jdk/Contents/Home/lib/libzip.dylib
0x00000001045a0000 	/Library/Java/JavaVirtualMachines/openjdk-11.0.2.jdk/Contents/Home/lib/libjimage.dylib
0x000000010b124000 	/Library/Java/JavaVirtualMachines/openjdk-11.0.2.jdk/Contents/Home/lib/libdt_socket.dylib
0x000000010b12a000 	/Library/Java/JavaVirtualMachines/openjdk-11.0.2.jdk/Contents/Home/lib/libnio.dylib
0x000000010b138000 	/Library/Java/JavaVirtualMachines/openjdk-11.0.2.jdk/Contents/Home/lib/libnet.dylib
0x000000010b34c000 	/Library/Java/JavaVirtualMachines/openjdk-11.0.2.jdk/Contents/Home/lib/libextnet.dylib


VM Arguments:
jvm_args: -agentlib:jdwp=transport=dt_socket,suspend=y,address=localhost:51818 -ea -javaagent:/Applications/Eclipse.app/Contents/Eclipse/configuration/org.eclipse.osgi/743/0/.cp/lib/javaagent-shaded.jar -Dfile.encoding=UTF-8 
java_command: org.eclipse.jdt.internal.junit.runner.RemoteTestRunner -version 3 -port 51817 -testLoaderClass org.eclipse.jdt.internal.junit5.runner.JUnit5TestLoader -loaderpluginname org.eclipse.jdt.junit5.runtime -classNames com.imyc.SBAP.Http.auth.service.TestAuthService
java_class_path (initial): /Users/yc-ssd/Desktop/test/spring-boot-admin-panel/target/test-classes:/Users/yc-ssd/Desktop/test/spring-boot-admin-panel/target/classes:/Applications/Eclipse.app/Contents/Eclipse/plugins/org.junit.jupiter.api_5.6.0.v20200203-2009.jar:/Applications/Eclipse.app/Contents/Eclipse/plugins/org.junit.jupiter.engine_5.6.0.v20200203-2009.jar:/Applications/Eclipse.app/Contents/Eclipse/plugins/org.junit.jupiter.migrationsupport_5.6.0.v20200203-2009.jar:/Applications/Eclipse.app/Contents/Eclipse/plugins/org.junit.jupiter.params_5.6.0.v20200203-2009.jar:/Applications/Eclipse.app/Contents/Eclipse/plugins/org.junit.platform.commons_1.6.0.v20200203-2009.jar:/Applications/Eclipse.app/Contents/Eclipse/plugins/org.junit.platform.engine_1.6.0.v20200203-2009.jar:/Applications/Eclipse.app/Contents/Eclipse/plugins/org.junit.platform.launcher_1.6.0.v20200203-2009.jar:/Applications/Eclipse.app/Contents/Eclipse/plugins/org.junit.platform.runner_1.6.0.v20200203-2009.jar:/Applications/Eclipse.app/Contents/Eclipse/plugins/org.junit.platform.suite.api_1.6.0.v20200203-2009.jar:/Applications/Eclipse.app/Contents/Eclipse/plugins/org.junit.vintage.engine_5.6.0.v20200203-2009.jar:/Applications/Eclipse.app/Contents/Eclipse/plugins/org.opentest4j_1.2.0.v20190826-0900.jar:/Applications/Eclipse.app/Contents/Eclipse/plugins/org.apiguardian_1.1.0.v20190826-0900.jar:/Applications/Eclipse.app/Contents/Eclipse/plugins/org.junit_4.13.0.v20200204-1500.jar:/Applications/Eclipse.app/Contents/Eclipse/plugins/org.hamcrest.core_1.3.0.v20180420-1519.jar:/Users/yc-ssd/.m2/repository/org/springframework/boot/spring-boot-starter-thymeleaf/2.3.3.RELEASE/spring-boot-starter-thymeleaf-2.3.3.RELEASE.jar:/Users/yc-ssd/.m2/repository/org/springframework/boot/spring-boot-starter/2.3.3.RELEASE/spring-boot-starter-2.3.3.RELEASE.jar:/Users/yc-ssd/.m2/repository/org/springframework/boot/spring-boot/2.3.3.RELEASE/spring-boot-2.3.3.RELEASE.jar:/Users/yc-ssd/.m2/repository/org/springframework/boot/spring
Launcher Type: SUN_STANDARD

[Global flags]
     intx CICompilerCount                          = 3                                         {product} {ergonomic}
     uint ConcGCThreads                            = 1                                         {product} {ergonomic}
     uint G1ConcRefinementThreads                  = 4                                         {product} {ergonomic}
   size_t G1HeapRegionSize                         = 1048576                                   {product} {ergonomic}
    uintx GCDrainStackTargetSize                   = 64                                        {product} {ergonomic}
   size_t InitialHeapSize                          = 134217728                                 {product} {ergonomic}
   size_t MarkStackSize                            = 4194304                                   {product} {ergonomic}
   size_t MaxHeapSize                              = 2147483648                                {product} {ergonomic}
   size_t MaxNewSize                               = 1287651328                                {product} {ergonomic}
   size_t MinHeapDeltaBytes                        = 1048576                                   {product} {ergonomic}
    uintx NonNMethodCodeHeapSize                   = 5830092                                {pd product} {ergonomic}
    uintx NonProfiledCodeHeapSize                  = 122914074                              {pd product} {ergonomic}
    uintx ProfiledCodeHeapSize                     = 122914074                              {pd product} {ergonomic}
    uintx ReservedCodeCacheSize                    = 251658240                              {pd product} {ergonomic}
     bool SegmentedCodeCache                       = true                                      {product} {ergonomic}
     bool UseCompressedClassPointers               = true                                 {lp64_product} {ergonomic}
     bool UseCompressedOops                        = true                                 {lp64_product} {ergonomic}
     bool UseG1GC                                  = true                                      {product} {ergonomic}

Logging:
Log output configuration:
 #0: stdout all=warning uptime,level,tags
 #1: stderr all=off uptime,level,tags

Environment Variables:
PATH=/usr/bin:/bin:/usr/sbin:/sbin
SHELL=/bin/zsh
DISPLAY=/private/tmp/com.apple.launchd.JsfMq3gx2z/org.macosforge.xquartz:0

Signal Handlers:
SIGSEGV: [libjvm.dylib+0x73f4e4], sa_mask[0]=11111111011111110111111111111111, sa_flags=SA_ONSTACK|SA_RESTART|SA_SIGINFO
SIGBUS: [libjvm.dylib+0x73f4e4], sa_mask[0]=11111111011111110111111111111111, sa_flags=SA_RESTART|SA_SIGINFO
SIGFPE: [libjvm.dylib+0x73f4e4], sa_mask[0]=11111111011111110111111111111111, sa_flags=SA_RESTART|SA_SIGINFO
SIGPIPE: [libjvm.dylib+0x5f2192], sa_mask[0]=11111111011111110111111111111111, sa_flags=SA_RESTART|SA_SIGINFO
SIGXFSZ: [libjvm.dylib+0x5f2192], sa_mask[0]=11111111011111110111111111111111, sa_flags=SA_RESTART|SA_SIGINFO
SIGILL: [libjvm.dylib+0x73f4e4], sa_mask[0]=11111111011111110111111111111111, sa_flags=SA_RESTART|SA_SIGINFO
SIGUSR2: [libjvm.dylib+0x5f2777], sa_mask[0]=00100000000000000000000000000000, sa_flags=SA_RESTART|SA_SIGINFO
SIGHUP: [libjvm.dylib+0x5f11d3], sa_mask[0]=11111111011111110111111111111111, sa_flags=SA_RESTART|SA_SIGINFO
SIGINT: [libjvm.dylib+0x5f11d3], sa_mask[0]=11111111011111110111111111111111, sa_flags=SA_RESTART|SA_SIGINFO
SIGTERM: [libjvm.dylib+0x5f11d3], sa_mask[0]=11111111011111110111111111111111, sa_flags=SA_RESTART|SA_SIGINFO
SIGQUIT: [libjvm.dylib+0x5f11d3], sa_mask[0]=11111111011111110111111111111111, sa_flags=SA_RESTART|SA_SIGINFO


---------------  S Y S T E M  ---------------

OS:uname:Darwin 19.6.0 Darwin Kernel Version 19.6.0: Mon Aug 31 22:12:52 PDT 2020; root:xnu-6153.141.2~1/RELEASE_X86_64 x86_64
rlimit: STACK 8192k, CORE 0k, NPROC 1392, NOFILE 10240, AS infinity, DATA infinity, FSIZE infinity
load average:3.65 3.39 2.38

CPU:total 4 (initial active 4) (4 cores per cpu, 1 threads per core) family 6 model 158 stepping 9, cmov, cx8, fxsr, mmx, sse, sse2, sse3, ssse3, sse4.1, sse4.2, popcnt, avx, avx2, aes, clmul, erms, 3dnowpref, lzcnt, tsc, tscinvbit, bmi1, bmi2, adx, fma

Memory: 4k page, physical 8388608k(190560k free)

vm_info: OpenJDK 64-Bit Server VM (11.0.2+7) for bsd-amd64 JRE (11.0.2+7), built on Dec 12 2018 04:24:53 by "mach5one" with gcc 4.2.1 Compatible Apple LLVM 9.1.0 (clang-902.0.39.2)

END.
