#
# A fatal error has been detected by the Java Runtime Environment:
#
#  SIGBUS (0xa) at pc=0x000000010585d612, pid=51530, tid=12035
#
# JRE version: OpenJDK Runtime Environment (11.0.2+7) (build 11.0.2+7)
# Java VM: OpenJDK 64-Bit Server VM (11.0.2+7, mixed mode, tiered, compressed oops, g1 gc, bsd-amd64)
# Problematic frame:
# V  [libjvm.dylib+0x25d612]  _ZNK12ConstantPool13klass_name_atEi+0xc
#
# No core dump will be written. Core dumps have been disabled. To enable core dumping, try "ulimit -c unlimited" before starting Java again
#
# If you would like to submit a bug report, please visit:
#   http://bugreport.java.com/bugreport/crash.jsp
#

---------------  S U M M A R Y ------------

Command Line: -agentlib:jdwp=transport=dt_socket,suspend=y,address=localhost:52049 -Dcom.sun.management.jmxremote -Dcom.sun.management.jmxremote.port=52047 -Dcom.sun.management.jmxremote.authenticate=false -Dcom.sun.management.jmxremote.ssl=false -Djava.rmi.server.hostname=localhost -Dspring.jmx.enabled=true -Dspring.application.admin.enabled=true -Djava.security.egd=file:/dev/./urandom -Xverify:none -XX:TieredStopAtLevel=1 -Dspring.boot.project.name=spring-boot-admin-panel -javaagent:/Applications/Eclipse.app/Contents/Eclipse/configuration/org.eclipse.osgi/743/0/.cp/lib/javaagent-shaded.jar -Dfile.encoding=UTF-8 com.imyc.SBAP.SbapApplication

Host: iMac18,2 x86_64 3000 MHz, 4 cores, 8G, Darwin 19.6.0
Time: Fri Oct 30 17:23:05 2020 CST elapsed time: 204 seconds (0d 0h 3m 24s)

---------------  T H R E A D  ---------------

Current thread (0x00007fe6da041800):  VMThread "VM Thread" [stack: 0x000070000af1b000,0x000070000b01b000] [id=12035]

Stack: [0x000070000af1b000,0x000070000b01b000],  sp=0x000070000b01a8b0,  free space=1022k
Native frames: (J=compiled Java code, A=aot compiled Java code, j=interpreted, Vv=VM code, C=native code)
V  [libjvm.dylib+0x25d612]  _ZNK12ConstantPool13klass_name_atEi+0xc
V  [libjvm.dylib+0x5b0f9e]  _ZN16MethodComparator9args_sameEN9Bytecodes4CodeES1_+0x264
V  [libjvm.dylib+0x5b0b4a]  _ZN16MethodComparator12methods_EMCPEP6MethodS1_+0x14e
V  [libjvm.dylib+0x4cc059]  _ZN18VM_RedefineClasses34check_methods_and_mark_as_obsoleteEv+0x7d
V  [libjvm.dylib+0x4c6cbf]  _ZN18VM_RedefineClasses21redefine_single_classEP7_jclassP13InstanceKlassP6Thread+0x133
V  [libjvm.dylib+0x4c6a22]  _ZN18VM_RedefineClasses4doitEv+0x78
V  [libjvm.dylib+0x747b99]  _ZN12VM_Operation8evaluateEv+0xd5
V  [libjvm.dylib+0x7471b0]  _ZN8VMThread18evaluate_operationEP12VM_Operation+0x13a
V  [libjvm.dylib+0x746bfd]  _ZN8VMThread4loopEv+0xed
V  [libjvm.dylib+0x746a22]  _ZN8VMThread3runEv+0x76
V  [libjvm.dylib+0x5f00f3]  _ZL19thread_native_entryP6Thread+0x135
C  [libsystem_pthread.dylib+0x6109]  _pthread_start+0x94
C  [libsystem_pthread.dylib+0x1b8b]  thread_start+0xf


siginfo: si_signo: 10 (SIGBUS), si_code: 2 (BUS_ADRERR), si_addr: 0x000000012998a440

Register to memory mapping:

RAX=0x000000000000dcc8 is an unknown value
RBX=0x00000000000000bb is an unknown value
RCX=0x0000000105f3ff20: _ZN9Bytecodes6_flagsE+0 in /Library/Java/JavaVirtualMachines/openjdk-11.0.2.jdk/Contents/Home/lib/server/libjvm.dylib at 0x0000000105600000
RDX=0x0000000000002100 is an unknown value
RSP=0x000070000b01a8b0 points into unknown readable memory: 10 a9 01 0b 00 70 00 00
RBP=0x000070000b01a8b0 points into unknown readable memory: 10 a9 01 0b 00 70 00 00
RSI=0x0000000000000034 is an unknown value
RDI=0x000000012991bdc0 is pointing into metadata
R8 ={method} {0x000000012991cdd0} 'handle' '()Lorg/springframework/web/servlet/ModelAndView;' in 'com/imyc/SBAP/Http/user/action/UserCreate'
R9 =0x00007fe6d9c131f0 points into unknown readable memory: 18 c2 91 29 01 00 00 00
R10=0x0000000000000003 is an unknown value
R11=0x0 is NULL
R12=0x0 is NULL
R13=0x00007fe6d9c13060 points into unknown readable memory: 00 18 04 da e6 7f 00 00
R14=0x0000000000000034 is an unknown value
R15=0x0000000000000021 is an unknown value


Registers:
RAX=0x000000000000dcc8, RBX=0x00000000000000bb, RCX=0x0000000105f3ff20, RDX=0x0000000000002100
RSP=0x000070000b01a8b0, RBP=0x000070000b01a8b0, RSI=0x0000000000000034, RDI=0x000000012991bdc0
R8 =0x000000012991cdd0, R9 =0x00007fe6d9c131f0, R10=0x0000000000000003, R11=0x0000000000000000
R12=0x0000000000000000, R13=0x00007fe6d9c13060, R14=0x0000000000000034, R15=0x0000000000000021
RIP=0x000000010585d612, EFLAGS=0x0000000000010206, ERR=0x0000000000000004
  TRAPNO=0x000000000000000e

Top of Stack: (sp=0x000070000b01a8b0)
0x000070000b01a8b0:   000070000b01a910 0000000105bb0f9e
0x000070000b01a8c0:   000070000b01a930 000070000b01a930
0x000070000b01a8d0:   000070000b01a8f0 0000000105960ad5
0x000070000b01a8e0:   00000000000000bb 00000000000000bb
0x000070000b01a8f0:   00000000000000bb 0000000000000000
0x000070000b01a900:   000070000b01a930 000070000b01a960
0x000070000b01a910:   000070000b01a9c0 0000000105bb0b4a
0x000070000b01a920:   000000012991cdd0 00007fe6da041800
0x000070000b01a930:   000000012991cdd0 000000012991cdd0
0x000070000b01a940:   00007fe6da041800 0000000300000000
0x000070000b01a950:   000000bb00000022 000000bbd9c10000
0x000070000b01a960:   000000012991c218 000000012991c218
0x000070000b01a970:   00007fe6da041800 0000000300000000
0x000070000b01a980:   000000bb00000022 000000bb00000000
0x000070000b01a990:   e51be850d5450069 000000012991c128
0x000070000b01a9a0:   0000000000000000 0000000000000002
0x000070000b01a9b0:   0000000000000001 000000012991c218
0x000070000b01a9c0:   000070000b01aa30 0000000105acc059
0x000070000b01a9d0:   0000000000000002 000070000b01a9f0
0x000070000b01a9e0:   000070000b01aa30 0000000105acbfb9
0x000070000b01a9f0:   000000012991ceb8 fffffffe2991ceb8
0x000070000b01aa00:   00000001da041800 000000080033f490
0x000070000b01aa10:   0000000800943358 0000000000000000
0x000070000b01aa20:   000070000b835a80 00007fe6da041800
0x000070000b01aa30:   000070000b01ab20 0000000105ac6cbf
0x000070000b01aa40:   0000000105968eb6 00007fe6da041800
0x000070000b01aa50:   00007fe6d9c130a0 00007fe6d9c130e0
0x000070000b01aa60:   00007fe6d9c130f0 00007fe6d9c131c8
0x000070000b01aa70:   00000000000000d8 000070000b01ab38
0x000070000b01aa80:   000070000b01aaa0 000000010585ff6b
0x000070000b01aa90:   0000000105ed67b0 00000001242879c8
0x000070000b01aaa0:   000070000b01aad0 0000000105bafe91 

Instructions: (pc=0x000000010585d612)
0x000000010585d5f2:   ff e8 d2 37 10 00 48 89 d8 48 83 c4 18 5b 41 5e
0x000000010585d602:   41 5f 5d c3 55 48 89 e5 48 63 c6 0f b7 44 c7 42
0x000000010585d612:   48 8b 44 c7 40 5d c3 90 55 48 89 e5 53 50 48 89
0x000000010585d622:   fb 31 d2 e8 e2 fe ff ff 48 98 0f b7 44 c3 42 48 

Stack slot to memory mapping:
stack at sp + 0 slots: 0x000070000b01a910 points into unknown readable memory: c0 a9 01 0b 00 70 00 00
stack at sp + 1 slots: 0x0000000105bb0f9e: _ZN16MethodComparator9args_sameEN9Bytecodes4CodeES1_+0x264 in /Library/Java/JavaVirtualMachines/openjdk-11.0.2.jdk/Contents/Home/lib/server/libjvm.dylib at 0x0000000105600000
stack at sp + 2 slots: 0x000070000b01a930 points into unknown readable memory: d0 cd 91 29 01 00 00 00
stack at sp + 3 slots: 0x000070000b01a930 points into unknown readable memory: d0 cd 91 29 01 00 00 00
stack at sp + 4 slots: 0x000070000b01a8f0 points into unknown readable memory: bb 00 00 00 00 00 00 00
stack at sp + 5 slots: 0x0000000105960ad5: _ZN12methodHandleC2ERKS_+0x41 in /Library/Java/JavaVirtualMachines/openjdk-11.0.2.jdk/Contents/Home/lib/server/libjvm.dylib at 0x0000000105600000
stack at sp + 6 slots: 0x00000000000000bb is an unknown value
stack at sp + 7 slots: 0x00000000000000bb is an unknown value

VM_Operation (0x000070000b835a80): RedefineClasses, mode: safepoint, requested by thread 0x00007fe6db957800, redefining class com.imyc.SBAP.Http.user.action.UserCreate



---------------  P R O C E S S  ---------------

Threads class SMR info:
_java_thread_list=0x00007fe6d9d48b10, length=36, elements={
0x00007fe6da049800, 0x00007fe6da04a800, 0x00007fe6db8c3800, 0x00007fe6db011800,
0x00007fe6db8c4800, 0x00007fe6db00f000, 0x00007fe6db957800, 0x00007fe6da08c800,
0x00007fe6da836000, 0x00007fe6dbaa2000, 0x00007fe6dbad7800, 0x00007fe6da08d800,
0x00007fe6da8de000, 0x00007fe6da1c6000, 0x00007fe6dbae4800, 0x00007fe6da8df000,
0x00007fe6db456000, 0x00007fe6da45c000, 0x00007fe6da47b000, 0x00007fe6dbd40000,
0x00007fe6da471000, 0x00007fe6da4a5000, 0x00007fe6da4c9000, 0x00007fe6db571000,
0x00007fe6dbda0800, 0x00007fe6da461800, 0x00007fe6dbdbd000, 0x00007fe6db594800,
0x00007fe6dab0c800, 0x00007fe6dab11800, 0x00007fe6dab15000, 0x00007fe6dbdd1000,
0x00007fe6dab16000, 0x00007fe6db599000, 0x00007fe6daaf5800, 0x00007fe6dbc3d800
}

Java Threads: ( => current thread )
  0x00007fe6da049800 JavaThread "Reference Handler" daemon [_thread_blocked, id=18691, stack(0x000070000b01e000,0x000070000b11e000)]
  0x00007fe6da04a800 JavaThread "Finalizer" daemon [_thread_blocked, id=12803, stack(0x000070000b121000,0x000070000b221000)]
  0x00007fe6db8c3800 JavaThread "Signal Dispatcher" daemon [_thread_blocked, id=16131, stack(0x000070000b32a000,0x000070000b42a000)]
  0x00007fe6db011800 JavaThread "C1 CompilerThread0" daemon [_thread_blocked, id=14339, stack(0x000070000b42d000,0x000070000b52d000)]
  0x00007fe6db8c4800 JavaThread "Sweeper thread" daemon [_thread_blocked, id=14851, stack(0x000070000b530000,0x000070000b630000)]
  0x00007fe6db00f000 JavaThread "Common-Cleaner" daemon [_thread_blocked, id=22019, stack(0x000070000b633000,0x000070000b733000)]
  0x00007fe6db957800 JavaThread "JDWP Transport Listener: dt_socket" daemon [_thread_blocked, id=43011, stack(0x000070000b736000,0x000070000b836000)]
  0x00007fe6da08c800 JavaThread "JDWP Event Helper Thread" daemon [_thread_blocked, id=42755, stack(0x000070000b839000,0x000070000b939000)]
  0x00007fe6da836000 JavaThread "JDWP Command Reader" daemon [_thread_in_native, id=42243, stack(0x000070000b93c000,0x000070000ba3c000)]
  0x00007fe6dbaa2000 JavaThread "Service Thread" daemon [_thread_blocked, id=41731, stack(0x000070000ba3f000,0x000070000bb3f000)]
  0x00007fe6dbad7800 JavaThread "RMI TCP Accept-0" daemon [_thread_in_native, id=40963, stack(0x000070000bd48000,0x000070000be48000)]
  0x00007fe6da08d800 JavaThread "RMI TCP Accept-52047" daemon [_thread_in_native, id=40195, stack(0x000070000be4b000,0x000070000bf4b000)]
  0x00007fe6da8de000 JavaThread "RMI TCP Accept-0" daemon [_thread_in_native, id=39683, stack(0x000070000bf4e000,0x000070000c04e000)]
  0x00007fe6da1c6000 JavaThread "RMI TCP Connection(5)-127.0.0.1" daemon [_thread_in_native, id=26115, stack(0x000070000c257000,0x000070000c357000)]
  0x00007fe6dbae4800 JavaThread "RMI Scheduler(0)" daemon [_thread_blocked, id=26371, stack(0x000070000c35a000,0x000070000c45a000)]
  0x00007fe6da8df000 JavaThread "JMX server connection timeout 21" daemon [_thread_blocked, id=37891, stack(0x000070000c45d000,0x000070000c55d000)]
  0x00007fe6db456000 JavaThread "Attach Listener" daemon [_thread_blocked, id=36099, stack(0x000070000c766000,0x000070000c866000)]
  0x00007fe6da45c000 JavaThread "Catalina-utility-1" [_thread_blocked, id=27395, stack(0x000070000c96c000,0x000070000ca6c000)]
  0x00007fe6da47b000 JavaThread "Catalina-utility-2" [_thread_blocked, id=27651, stack(0x000070000ca6f000,0x000070000cb6f000)]
  0x00007fe6dbd40000 JavaThread "container-0" [_thread_blocked, id=28419, stack(0x000070000cb72000,0x000070000cc72000)]
  0x00007fe6da471000 JavaThread "mysql-cj-abandoned-connection-cleanup" daemon [_thread_blocked, id=28931, stack(0x000070000cc75000,0x000070000cd75000)]
  0x00007fe6da4a5000 JavaThread "HikariPool-1 housekeeper" daemon [_thread_blocked, id=29699, stack(0x000070000cd78000,0x000070000ce78000)]
  0x00007fe6da4c9000 JavaThread "http-nio-8000-BlockPoller" daemon [_thread_in_native, id=33283, stack(0x000070000d081000,0x000070000d181000)]
  0x00007fe6db571000 JavaThread "http-nio-8000-exec-1" daemon [_thread_blocked, id=32771, stack(0x000070000d184000,0x000070000d284000)]
  0x00007fe6dbda0800 JavaThread "http-nio-8000-exec-2" daemon [_thread_blocked, id=32259, stack(0x000070000d287000,0x000070000d387000)]
  0x00007fe6da461800 JavaThread "http-nio-8000-exec-3" daemon [_thread_blocked, id=32003, stack(0x000070000d38a000,0x000070000d48a000)]
  0x00007fe6dbdbd000 JavaThread "http-nio-8000-exec-4" daemon [_thread_blocked, id=43779, stack(0x000070000d48d000,0x000070000d58d000)]
  0x00007fe6db594800 JavaThread "http-nio-8000-exec-5" daemon [_thread_blocked, id=44035, stack(0x000070000d590000,0x000070000d690000)]
  0x00007fe6dab0c800 JavaThread "http-nio-8000-exec-6" daemon [_thread_blocked, id=44291, stack(0x000070000d693000,0x000070000d793000)]
  0x00007fe6dab11800 JavaThread "http-nio-8000-exec-7" daemon [_thread_blocked, id=85507, stack(0x000070000d796000,0x000070000d896000)]
  0x00007fe6dab15000 JavaThread "http-nio-8000-exec-8" daemon [_thread_blocked, id=85251, stack(0x000070000d899000,0x000070000d999000)]
  0x00007fe6dbdd1000 JavaThread "http-nio-8000-exec-9" daemon [_thread_blocked, id=84739, stack(0x000070000d99c000,0x000070000da9c000)]
  0x00007fe6dab16000 JavaThread "http-nio-8000-exec-10" daemon [_thread_blocked, id=84227, stack(0x000070000da9f000,0x000070000db9f000)]
  0x00007fe6db599000 JavaThread "http-nio-8000-ClientPoller" daemon [_thread_in_native, id=83715, stack(0x000070000dba2000,0x000070000dca2000)]
  0x00007fe6daaf5800 JavaThread "http-nio-8000-Acceptor" daemon [_thread_in_native, id=83203, stack(0x000070000dca5000,0x000070000dda5000)]
  0x00007fe6dbc3d800 JavaThread "DestroyJavaVM" [_thread_blocked, id=6147, stack(0x000070000a909000,0x000070000aa09000)]

Other Threads:
=>0x00007fe6da041800 VMThread "VM Thread" [stack: 0x000070000af1b000,0x000070000b01b000] [id=12035]
  0x00007fe6dbad9000 WatcherThread [stack: 0x000070000c051000,0x000070000c151000] [id=24835]
  0x00007fe6db815800 GCTaskThread "GC Thread#0" [stack: 0x000070000aa0c000,0x000070000ab0c000] [id=20995]
  0x00007fe6db305000 GCTaskThread "GC Thread#1" [stack: 0x000070000bb42000,0x000070000bc42000] [id=23811]
  0x00007fe6dbad0800 GCTaskThread "GC Thread#2" [stack: 0x000070000bc45000,0x000070000bd45000] [id=41475]
  0x00007fe6dbb9d800 GCTaskThread "GC Thread#3" [stack: 0x000070000c663000,0x000070000c763000] [id=26627]
  0x00007fe6db836000 ConcurrentGCThread "G1 Main Marker" [stack: 0x000070000ab0f000,0x000070000ac0f000] [id=11267]
  0x00007fe6db837000 ConcurrentGCThread "G1 Conc#0" [stack: 0x000070000ac12000,0x000070000ad12000] [id=19715]
  0x00007fe6db887800 ConcurrentGCThread "G1 Refine#0" [stack: 0x000070000ad15000,0x000070000ae15000] [id=11523]
  0x00007fe6db888800 ConcurrentGCThread "G1 Young RemSet Sampling" [stack: 0x000070000ae18000,0x000070000af18000] [id=18947]

Threads with active compile tasks:

VM state:at safepoint (normal execution)

VM Mutex/Monitor currently owned by a thread:  ([mutex/lock_event])
[0x00007fe6d9e06920] Threads_lock - owner thread: 0x00007fe6da041800

Heap address: 0x0000000780000000, size: 2048 MB, Compressed Oops mode: Zero based, Oop shift amount: 3
Narrow klass base: 0x0000000800000000, Narrow klass shift: 0
Compressed class space size: 1073741824 Address: 0x0000000800000000

Heap:
 garbage-first heap   total 189440K, used 102155K [0x0000000780000000, 0x0000000800000000)
  region size 1024K, 84 young (86016K), 11 survivors (11264K)
 Metaspace       used 68517K, capacity 70421K, committed 70736K, reserved 1110016K
  class space    used 8763K, capacity 9501K, committed 9596K, reserved 1048576K
Heap Regions: E=young(eden), S=young(survivor), O=old, HS=humongous(starts), HC=humongous(continues), CS=collection set, F=free, A=archive, TAMS=top-at-mark-start (previous, next)
|   0|0x0000000780000000, 0x0000000780100000, 0x0000000780100000|100%|HS|  |TAMS 0x0000000780100000, 0x0000000780000000| Complete 
|   1|0x0000000780100000, 0x0000000780200000, 0x0000000780200000|100%| O|  |TAMS 0x0000000780200000, 0x0000000780100000| Untracked 
|   2|0x0000000780200000, 0x0000000780300000, 0x0000000780300000|100%| O|  |TAMS 0x0000000780300000, 0x0000000780200000| Untracked 
|   3|0x0000000780300000, 0x0000000780400000, 0x0000000780400000|100%| O|  |TAMS 0x0000000780400000, 0x0000000780300000| Untracked 
|   4|0x0000000780400000, 0x0000000780500000, 0x0000000780500000|100%| O|  |TAMS 0x0000000780500000, 0x0000000780400000| Untracked 
|   5|0x0000000780500000, 0x0000000780600000, 0x0000000780600000|100%| O|  |TAMS 0x0000000780600000, 0x0000000780500000| Untracked 
|   6|0x0000000780600000, 0x0000000780700000, 0x0000000780700000|100%| O|  |TAMS 0x0000000780700000, 0x0000000780600000| Untracked 
|   7|0x0000000780700000, 0x0000000780800000, 0x0000000780800000|100%| O|  |TAMS 0x0000000780800000, 0x0000000780700000| Untracked 
|   8|0x0000000780800000, 0x0000000780900000, 0x0000000780900000|100%| O|  |TAMS 0x0000000780900000, 0x0000000780800000| Untracked 
|   9|0x0000000780900000, 0x0000000780a00000, 0x0000000780a00000|100%| O|  |TAMS 0x0000000780a00000, 0x0000000780900000| Untracked 
|  10|0x0000000780a00000, 0x0000000780b00000, 0x0000000780b00000|100%| O|  |TAMS 0x0000000780b00000, 0x0000000780a00000| Untracked 
|  11|0x0000000780b00000, 0x0000000780c00000, 0x0000000780c00000|100%| O|  |TAMS 0x0000000780c00000, 0x0000000780b00000| Untracked 
|  12|0x0000000780c00000, 0x0000000780d00000, 0x0000000780d00000|100%| O|  |TAMS 0x0000000780d00000, 0x0000000780c00000| Untracked 
|  13|0x0000000780d00000, 0x0000000780e00000, 0x0000000780e00000|100%| O|  |TAMS 0x0000000780e00000, 0x0000000780d00000| Untracked 
|  14|0x0000000780e00000, 0x0000000780f00000, 0x0000000780f00000|100%| O|  |TAMS 0x0000000780f00000, 0x0000000780e00000| Untracked 
|  15|0x0000000780f00000, 0x0000000781000000, 0x0000000781000000|100%| O|  |TAMS 0x0000000781000000, 0x0000000780f00000| Untracked 
|  16|0x0000000781000000, 0x0000000781100000, 0x0000000781100000|100%| O|  |TAMS 0x0000000781100000, 0x0000000781000000| Untracked 
|  17|0x0000000781100000, 0x0000000781200000, 0x0000000781200000|100%| O|  |TAMS 0x0000000781200000, 0x0000000781100000| Untracked 
|  18|0x0000000781200000, 0x000000078126a600, 0x0000000781300000| 41%| O|  |TAMS 0x000000078126a600, 0x0000000781200000| Untracked 
|  19|0x0000000781300000, 0x0000000781300000, 0x0000000781400000|  0%| F|  |TAMS 0x0000000781300000, 0x0000000781300000| Untracked 
|  20|0x0000000781400000, 0x0000000781400000, 0x0000000781500000|  0%| F|  |TAMS 0x0000000781400000, 0x0000000781400000| Untracked 
|  21|0x0000000781500000, 0x0000000781500000, 0x0000000781600000|  0%| F|  |TAMS 0x0000000781500000, 0x0000000781500000| Untracked 
|  22|0x0000000781600000, 0x0000000781600000, 0x0000000781700000|  0%| F|  |TAMS 0x0000000781600000, 0x0000000781600000| Untracked 
|  23|0x0000000781700000, 0x0000000781700000, 0x0000000781800000|  0%| F|  |TAMS 0x0000000781700000, 0x0000000781700000| Untracked 
|  24|0x0000000781800000, 0x0000000781800000, 0x0000000781900000|  0%| F|  |TAMS 0x0000000781800000, 0x0000000781800000| Untracked 
|  25|0x0000000781900000, 0x0000000781900000, 0x0000000781a00000|  0%| F|  |TAMS 0x0000000781900000, 0x0000000781900000| Untracked 
|  26|0x0000000781a00000, 0x0000000781a00000, 0x0000000781b00000|  0%| F|  |TAMS 0x0000000781a00000, 0x0000000781a00000| Untracked 
|  27|0x0000000781b00000, 0x0000000781b00000, 0x0000000781c00000|  0%| F|  |TAMS 0x0000000781b00000, 0x0000000781b00000| Untracked 
|  28|0x0000000781c00000, 0x0000000781c00000, 0x0000000781d00000|  0%| F|  |TAMS 0x0000000781c00000, 0x0000000781c00000| Untracked 
|  29|0x0000000781d00000, 0x0000000781d00000, 0x0000000781e00000|  0%| F|  |TAMS 0x0000000781d00000, 0x0000000781d00000| Untracked 
|  30|0x0000000781e00000, 0x0000000781e00000, 0x0000000781f00000|  0%| F|  |TAMS 0x0000000781e00000, 0x0000000781e00000| Untracked 
|  31|0x0000000781f00000, 0x0000000781f00000, 0x0000000782000000|  0%| F|  |TAMS 0x0000000781f00000, 0x0000000781f00000| Untracked 
|  32|0x0000000782000000, 0x0000000782000000, 0x0000000782100000|  0%| F|  |TAMS 0x0000000782000000, 0x0000000782000000| Untracked 
|  33|0x0000000782100000, 0x0000000782100000, 0x0000000782200000|  0%| F|  |TAMS 0x0000000782100000, 0x0000000782100000| Untracked 
|  34|0x0000000782200000, 0x0000000782200000, 0x0000000782300000|  0%| F|  |TAMS 0x0000000782200000, 0x0000000782200000| Untracked 
|  35|0x0000000782300000, 0x0000000782300000, 0x0000000782400000|  0%| F|  |TAMS 0x0000000782300000, 0x0000000782300000| Untracked 
|  36|0x0000000782400000, 0x0000000782400000, 0x0000000782500000|  0%| F|  |TAMS 0x0000000782400000, 0x0000000782400000| Untracked 
|  37|0x0000000782500000, 0x0000000782500000, 0x0000000782600000|  0%| F|  |TAMS 0x0000000782500000, 0x0000000782500000| Untracked 
|  38|0x0000000782600000, 0x0000000782600000, 0x0000000782700000|  0%| F|  |TAMS 0x0000000782600000, 0x0000000782600000| Untracked 
|  39|0x0000000782700000, 0x0000000782700000, 0x0000000782800000|  0%| F|  |TAMS 0x0000000782700000, 0x0000000782700000| Untracked 
|  40|0x0000000782800000, 0x0000000782800000, 0x0000000782900000|  0%| F|  |TAMS 0x0000000782800000, 0x0000000782800000| Untracked 
|  41|0x0000000782900000, 0x0000000782900000, 0x0000000782a00000|  0%| F|  |TAMS 0x0000000782900000, 0x0000000782900000| Untracked 
|  42|0x0000000782a00000, 0x0000000782a00000, 0x0000000782b00000|  0%| F|  |TAMS 0x0000000782a00000, 0x0000000782a00000| Untracked 
|  43|0x0000000782b00000, 0x0000000782b00000, 0x0000000782c00000|  0%| F|  |TAMS 0x0000000782b00000, 0x0000000782b00000| Untracked 
|  44|0x0000000782c00000, 0x0000000782c00000, 0x0000000782d00000|  0%| F|  |TAMS 0x0000000782c00000, 0x0000000782c00000| Untracked 
|  45|0x0000000782d00000, 0x0000000782d00000, 0x0000000782e00000|  0%| F|  |TAMS 0x0000000782d00000, 0x0000000782d00000| Untracked 
|  46|0x0000000782e00000, 0x0000000782e00000, 0x0000000782f00000|  0%| F|  |TAMS 0x0000000782e00000, 0x0000000782e00000| Untracked 
|  47|0x0000000782f00000, 0x0000000782f00000, 0x0000000783000000|  0%| F|  |TAMS 0x0000000782f00000, 0x0000000782f00000| Untracked 
|  48|0x0000000783000000, 0x0000000783000000, 0x0000000783100000|  0%| F|  |TAMS 0x0000000783000000, 0x0000000783000000| Untracked 
|  49|0x0000000783100000, 0x0000000783100000, 0x0000000783200000|  0%| F|  |TAMS 0x0000000783100000, 0x0000000783100000| Untracked 
|  50|0x0000000783200000, 0x0000000783200000, 0x0000000783300000|  0%| F|  |TAMS 0x0000000783200000, 0x0000000783200000| Untracked 
|  51|0x0000000783300000, 0x0000000783300000, 0x0000000783400000|  0%| F|  |TAMS 0x0000000783300000, 0x0000000783300000| Untracked 
|  52|0x0000000783400000, 0x0000000783400000, 0x0000000783500000|  0%| F|  |TAMS 0x0000000783400000, 0x0000000783400000| Untracked 
|  53|0x0000000783500000, 0x0000000783500000, 0x0000000783600000|  0%| F|  |TAMS 0x0000000783500000, 0x0000000783500000| Untracked 
|  54|0x0000000783600000, 0x0000000783600000, 0x0000000783700000|  0%| F|  |TAMS 0x0000000783600000, 0x0000000783600000| Untracked 
|  55|0x0000000783700000, 0x0000000783700000, 0x0000000783800000|  0%| F|  |TAMS 0x0000000783700000, 0x0000000783700000| Untracked 
|  56|0x0000000783800000, 0x0000000783800000, 0x0000000783900000|  0%| F|  |TAMS 0x0000000783800000, 0x0000000783800000| Untracked 
|  57|0x0000000783900000, 0x0000000783900000, 0x0000000783a00000|  0%| F|  |TAMS 0x0000000783900000, 0x0000000783900000| Untracked 
|  58|0x0000000783a00000, 0x0000000783a00000, 0x0000000783b00000|  0%| F|  |TAMS 0x0000000783a00000, 0x0000000783a00000| Untracked 
|  59|0x0000000783b00000, 0x0000000783b00000, 0x0000000783c00000|  0%| F|  |TAMS 0x0000000783b00000, 0x0000000783b00000| Untracked 
|  60|0x0000000783c00000, 0x0000000783c00000, 0x0000000783d00000|  0%| F|  |TAMS 0x0000000783c00000, 0x0000000783c00000| Untracked 
|  61|0x0000000783d00000, 0x0000000783d00000, 0x0000000783e00000|  0%| F|  |TAMS 0x0000000783d00000, 0x0000000783d00000| Untracked 
|  62|0x0000000783e00000, 0x0000000783e00000, 0x0000000783f00000|  0%| F|  |TAMS 0x0000000783e00000, 0x0000000783e00000| Untracked 
|  63|0x0000000783f00000, 0x0000000783f58760, 0x0000000784000000| 34%| S|CS|TAMS 0x0000000783f00000, 0x0000000783f00000| Complete 
|  64|0x0000000784000000, 0x0000000784100000, 0x0000000784100000|100%| S|CS|TAMS 0x0000000784000000, 0x0000000784000000| Complete 
|  65|0x0000000784100000, 0x0000000784200000, 0x0000000784200000|100%| S|CS|TAMS 0x0000000784100000, 0x0000000784100000| Complete 
|  66|0x0000000784200000, 0x0000000784300000, 0x0000000784300000|100%| S|CS|TAMS 0x0000000784200000, 0x0000000784200000| Complete 
|  67|0x0000000784300000, 0x0000000784400000, 0x0000000784400000|100%| S|CS|TAMS 0x0000000784300000, 0x0000000784300000| Complete 
|  68|0x0000000784400000, 0x0000000784500000, 0x0000000784500000|100%| S|CS|TAMS 0x0000000784400000, 0x0000000784400000| Complete 
|  69|0x0000000784500000, 0x0000000784600000, 0x0000000784600000|100%| S|CS|TAMS 0x0000000784500000, 0x0000000784500000| Complete 
|  70|0x0000000784600000, 0x0000000784700000, 0x0000000784700000|100%| S|CS|TAMS 0x0000000784600000, 0x0000000784600000| Complete 
|  71|0x0000000784700000, 0x0000000784800000, 0x0000000784800000|100%| S|CS|TAMS 0x0000000784700000, 0x0000000784700000| Complete 
|  72|0x0000000784800000, 0x0000000784900000, 0x0000000784900000|100%| S|CS|TAMS 0x0000000784800000, 0x0000000784800000| Complete 
|  73|0x0000000784900000, 0x0000000784a00000, 0x0000000784a00000|100%| S|CS|TAMS 0x0000000784900000, 0x0000000784900000| Complete 
|  74|0x0000000784a00000, 0x0000000784a00000, 0x0000000784b00000|  0%| F|  |TAMS 0x0000000784a00000, 0x0000000784a00000| Untracked 
|  75|0x0000000784b00000, 0x0000000784b00000, 0x0000000784c00000|  0%| F|  |TAMS 0x0000000784b00000, 0x0000000784b00000| Untracked 
|  76|0x0000000784c00000, 0x0000000784c00000, 0x0000000784d00000|  0%| F|  |TAMS 0x0000000784c00000, 0x0000000784c00000| Untracked 
|  77|0x0000000784d00000, 0x0000000784d00000, 0x0000000784e00000|  0%| F|  |TAMS 0x0000000784d00000, 0x0000000784d00000| Untracked 
|  78|0x0000000784e00000, 0x0000000784e00000, 0x0000000784f00000|  0%| F|  |TAMS 0x0000000784e00000, 0x0000000784e00000| Untracked 
|  79|0x0000000784f00000, 0x0000000784f00000, 0x0000000785000000|  0%| F|  |TAMS 0x0000000784f00000, 0x0000000784f00000| Untracked 
|  80|0x0000000785000000, 0x0000000785000000, 0x0000000785100000|  0%| F|  |TAMS 0x0000000785000000, 0x0000000785000000| Untracked 
|  81|0x0000000785100000, 0x0000000785100000, 0x0000000785200000|  0%| F|  |TAMS 0x0000000785100000, 0x0000000785100000| Untracked 
|  82|0x0000000785200000, 0x0000000785200000, 0x0000000785300000|  0%| F|  |TAMS 0x0000000785200000, 0x0000000785200000| Untracked 
|  83|0x0000000785300000, 0x0000000785300000, 0x0000000785400000|  0%| F|  |TAMS 0x0000000785300000, 0x0000000785300000| Untracked 
|  84|0x0000000785400000, 0x0000000785400000, 0x0000000785500000|  0%| F|  |TAMS 0x0000000785400000, 0x0000000785400000| Untracked 
|  85|0x0000000785500000, 0x0000000785500000, 0x0000000785600000|  0%| F|  |TAMS 0x0000000785500000, 0x0000000785500000| Untracked 
|  86|0x0000000785600000, 0x0000000785600000, 0x0000000785700000|  0%| F|  |TAMS 0x0000000785600000, 0x0000000785600000| Untracked 
|  87|0x0000000785700000, 0x0000000785700000, 0x0000000785800000|  0%| F|  |TAMS 0x0000000785700000, 0x0000000785700000| Untracked 
|  88|0x0000000785800000, 0x0000000785800000, 0x0000000785900000|  0%| F|  |TAMS 0x0000000785800000, 0x0000000785800000| Untracked 
|  89|0x0000000785900000, 0x0000000785900000, 0x0000000785a00000|  0%| F|  |TAMS 0x0000000785900000, 0x0000000785900000| Untracked 
|  90|0x0000000785a00000, 0x0000000785a00000, 0x0000000785b00000|  0%| F|  |TAMS 0x0000000785a00000, 0x0000000785a00000| Untracked 
|  91|0x0000000785b00000, 0x0000000785b00000, 0x0000000785c00000|  0%| F|  |TAMS 0x0000000785b00000, 0x0000000785b00000| Untracked 
|  92|0x0000000785c00000, 0x0000000785c00000, 0x0000000785d00000|  0%| F|  |TAMS 0x0000000785c00000, 0x0000000785c00000| Untracked 
|  93|0x0000000785d00000, 0x0000000785d00000, 0x0000000785e00000|  0%| F|  |TAMS 0x0000000785d00000, 0x0000000785d00000| Untracked 
|  94|0x0000000785e00000, 0x0000000785e00000, 0x0000000785f00000|  0%| F|  |TAMS 0x0000000785e00000, 0x0000000785e00000| Untracked 
|  95|0x0000000785f00000, 0x0000000785f00000, 0x0000000786000000|  0%| F|  |TAMS 0x0000000785f00000, 0x0000000785f00000| Untracked 
|  96|0x0000000786000000, 0x0000000786000000, 0x0000000786100000|  0%| F|  |TAMS 0x0000000786000000, 0x0000000786000000| Untracked 
|  97|0x0000000786100000, 0x0000000786100000, 0x0000000786200000|  0%| F|  |TAMS 0x0000000786100000, 0x0000000786100000| Untracked 
|  98|0x0000000786200000, 0x0000000786200000, 0x0000000786300000|  0%| F|  |TAMS 0x0000000786200000, 0x0000000786200000| Untracked 
|  99|0x0000000786300000, 0x0000000786300000, 0x0000000786400000|  0%| F|  |TAMS 0x0000000786300000, 0x0000000786300000| Untracked 
| 100|0x0000000786400000, 0x0000000786400000, 0x0000000786500000|  0%| F|  |TAMS 0x0000000786400000, 0x0000000786400000| Untracked 
| 101|0x0000000786500000, 0x0000000786500000, 0x0000000786600000|  0%| F|  |TAMS 0x0000000786500000, 0x0000000786500000| Untracked 
| 102|0x0000000786600000, 0x0000000786600000, 0x0000000786700000|  0%| F|  |TAMS 0x0000000786600000, 0x0000000786600000| Untracked 
| 103|0x0000000786700000, 0x0000000786700000, 0x0000000786800000|  0%| F|  |TAMS 0x0000000786700000, 0x0000000786700000| Untracked 
| 104|0x0000000786800000, 0x0000000786800000, 0x0000000786900000|  0%| F|  |TAMS 0x0000000786800000, 0x0000000786800000| Untracked 
| 105|0x0000000786900000, 0x0000000786900000, 0x0000000786a00000|  0%| F|  |TAMS 0x0000000786900000, 0x0000000786900000| Untracked 
| 106|0x0000000786a00000, 0x0000000786a00000, 0x0000000786b00000|  0%| F|  |TAMS 0x0000000786a00000, 0x0000000786a00000| Untracked 
| 107|0x0000000786b00000, 0x0000000786b00000, 0x0000000786c00000|  0%| F|  |TAMS 0x0000000786b00000, 0x0000000786b00000| Untracked 
| 108|0x0000000786c00000, 0x0000000786c00000, 0x0000000786d00000|  0%| F|  |TAMS 0x0000000786c00000, 0x0000000786c00000| Untracked 
| 109|0x0000000786d00000, 0x0000000786d00000, 0x0000000786e00000|  0%| F|  |TAMS 0x0000000786d00000, 0x0000000786d00000| Untracked 
| 110|0x0000000786e00000, 0x0000000786e00000, 0x0000000786f00000|  0%| F|  |TAMS 0x0000000786e00000, 0x0000000786e00000| Untracked 
| 111|0x0000000786f00000, 0x0000000786f00000, 0x0000000787000000|  0%| F|  |TAMS 0x0000000786f00000, 0x0000000786f00000| Untracked 
| 112|0x0000000787000000, 0x00000007870d5e38, 0x0000000787100000| 83%| E|  |TAMS 0x0000000787000000, 0x0000000787000000| Complete 
| 113|0x0000000787100000, 0x0000000787200000, 0x0000000787200000|100%| E|CS|TAMS 0x0000000787100000, 0x0000000787100000| Complete 
| 114|0x0000000787200000, 0x0000000787300000, 0x0000000787300000|100%| E|CS|TAMS 0x0000000787200000, 0x0000000787200000| Complete 
| 115|0x0000000787300000, 0x0000000787400000, 0x0000000787400000|100%| E|CS|TAMS 0x0000000787300000, 0x0000000787300000| Complete 
| 116|0x0000000787400000, 0x0000000787500000, 0x0000000787500000|100%| E|CS|TAMS 0x0000000787400000, 0x0000000787400000| Complete 
| 117|0x0000000787500000, 0x0000000787600000, 0x0000000787600000|100%| E|CS|TAMS 0x0000000787500000, 0x0000000787500000| Complete 
| 118|0x0000000787600000, 0x0000000787700000, 0x0000000787700000|100%| E|CS|TAMS 0x0000000787600000, 0x0000000787600000| Complete 
| 119|0x0000000787700000, 0x0000000787800000, 0x0000000787800000|100%| E|CS|TAMS 0x0000000787700000, 0x0000000787700000| Complete 
| 120|0x0000000787800000, 0x0000000787900000, 0x0000000787900000|100%| E|CS|TAMS 0x0000000787800000, 0x0000000787800000| Complete 
| 121|0x0000000787900000, 0x0000000787a00000, 0x0000000787a00000|100%| E|  |TAMS 0x0000000787900000, 0x0000000787900000| Complete 
| 122|0x0000000787a00000, 0x0000000787b00000, 0x0000000787b00000|100%| E|CS|TAMS 0x0000000787a00000, 0x0000000787a00000| Complete 
| 123|0x0000000787b00000, 0x0000000787c00000, 0x0000000787c00000|100%| E|CS|TAMS 0x0000000787b00000, 0x0000000787b00000| Complete 
| 124|0x0000000787c00000, 0x0000000787d00000, 0x0000000787d00000|100%| E|CS|TAMS 0x0000000787c00000, 0x0000000787c00000| Complete 
| 125|0x0000000787d00000, 0x0000000787e00000, 0x0000000787e00000|100%| E|CS|TAMS 0x0000000787d00000, 0x0000000787d00000| Complete 
| 126|0x0000000787e00000, 0x0000000787f00000, 0x0000000787f00000|100%| E|CS|TAMS 0x0000000787e00000, 0x0000000787e00000| Complete 
| 127|0x0000000787f00000, 0x0000000788000000, 0x0000000788000000|100%| E|CS|TAMS 0x0000000787f00000, 0x0000000787f00000| Complete 
| 128|0x0000000788000000, 0x0000000788100000, 0x0000000788100000|100%| E|CS|TAMS 0x0000000788000000, 0x0000000788000000| Complete 
| 129|0x0000000788100000, 0x0000000788200000, 0x0000000788200000|100%| E|CS|TAMS 0x0000000788100000, 0x0000000788100000| Complete 
| 130|0x0000000788200000, 0x0000000788300000, 0x0000000788300000|100%| E|CS|TAMS 0x0000000788200000, 0x0000000788200000| Complete 
| 131|0x0000000788300000, 0x0000000788400000, 0x0000000788400000|100%| E|CS|TAMS 0x0000000788300000, 0x0000000788300000| Complete 
| 132|0x0000000788400000, 0x0000000788500000, 0x0000000788500000|100%| E|CS|TAMS 0x0000000788400000, 0x0000000788400000| Complete 
| 133|0x0000000788500000, 0x0000000788600000, 0x0000000788600000|100%| E|CS|TAMS 0x0000000788500000, 0x0000000788500000| Complete 
| 134|0x0000000788600000, 0x0000000788700000, 0x0000000788700000|100%| E|CS|TAMS 0x0000000788600000, 0x0000000788600000| Complete 
| 135|0x0000000788700000, 0x0000000788800000, 0x0000000788800000|100%| E|CS|TAMS 0x0000000788700000, 0x0000000788700000| Complete 
| 136|0x0000000788800000, 0x0000000788900000, 0x0000000788900000|100%| E|CS|TAMS 0x0000000788800000, 0x0000000788800000| Complete 
| 137|0x0000000788900000, 0x0000000788a00000, 0x0000000788a00000|100%| E|CS|TAMS 0x0000000788900000, 0x0000000788900000| Complete 
| 138|0x0000000788a00000, 0x0000000788b00000, 0x0000000788b00000|100%| E|CS|TAMS 0x0000000788a00000, 0x0000000788a00000| Complete 
| 139|0x0000000788b00000, 0x0000000788c00000, 0x0000000788c00000|100%| E|CS|TAMS 0x0000000788b00000, 0x0000000788b00000| Complete 
| 140|0x0000000788c00000, 0x0000000788d00000, 0x0000000788d00000|100%| E|CS|TAMS 0x0000000788c00000, 0x0000000788c00000| Complete 
| 141|0x0000000788d00000, 0x0000000788e00000, 0x0000000788e00000|100%| E|CS|TAMS 0x0000000788d00000, 0x0000000788d00000| Complete 
| 142|0x0000000788e00000, 0x0000000788f00000, 0x0000000788f00000|100%| E|CS|TAMS 0x0000000788e00000, 0x0000000788e00000| Complete 
| 143|0x0000000788f00000, 0x0000000789000000, 0x0000000789000000|100%| E|CS|TAMS 0x0000000788f00000, 0x0000000788f00000| Complete 
| 144|0x0000000789000000, 0x0000000789100000, 0x0000000789100000|100%| E|CS|TAMS 0x0000000789000000, 0x0000000789000000| Complete 
| 145|0x0000000789100000, 0x0000000789200000, 0x0000000789200000|100%| E|CS|TAMS 0x0000000789100000, 0x0000000789100000| Complete 
| 146|0x0000000789200000, 0x0000000789300000, 0x0000000789300000|100%| E|CS|TAMS 0x0000000789200000, 0x0000000789200000| Complete 
| 147|0x0000000789300000, 0x0000000789400000, 0x0000000789400000|100%| E|CS|TAMS 0x0000000789300000, 0x0000000789300000| Complete 
| 148|0x0000000789400000, 0x0000000789500000, 0x0000000789500000|100%| E|CS|TAMS 0x0000000789400000, 0x0000000789400000| Complete 
| 149|0x0000000789500000, 0x0000000789600000, 0x0000000789600000|100%| E|CS|TAMS 0x0000000789500000, 0x0000000789500000| Complete 
| 150|0x0000000789600000, 0x0000000789700000, 0x0000000789700000|100%| E|CS|TAMS 0x0000000789600000, 0x0000000789600000| Complete 
| 151|0x0000000789700000, 0x0000000789800000, 0x0000000789800000|100%| E|CS|TAMS 0x0000000789700000, 0x0000000789700000| Complete 
| 152|0x0000000789800000, 0x0000000789900000, 0x0000000789900000|100%| E|CS|TAMS 0x0000000789800000, 0x0000000789800000| Complete 
| 153|0x0000000789900000, 0x0000000789a00000, 0x0000000789a00000|100%| E|CS|TAMS 0x0000000789900000, 0x0000000789900000| Complete 
| 154|0x0000000789a00000, 0x0000000789b00000, 0x0000000789b00000|100%| E|CS|TAMS 0x0000000789a00000, 0x0000000789a00000| Complete 
| 155|0x0000000789b00000, 0x0000000789c00000, 0x0000000789c00000|100%| E|CS|TAMS 0x0000000789b00000, 0x0000000789b00000| Complete 
| 156|0x0000000789c00000, 0x0000000789d00000, 0x0000000789d00000|100%| E|CS|TAMS 0x0000000789c00000, 0x0000000789c00000| Complete 
| 157|0x0000000789d00000, 0x0000000789e00000, 0x0000000789e00000|100%| E|CS|TAMS 0x0000000789d00000, 0x0000000789d00000| Complete 
| 158|0x0000000789e00000, 0x0000000789f00000, 0x0000000789f00000|100%| E|CS|TAMS 0x0000000789e00000, 0x0000000789e00000| Complete 
| 159|0x0000000789f00000, 0x000000078a000000, 0x000000078a000000|100%| E|CS|TAMS 0x0000000789f00000, 0x0000000789f00000| Complete 
| 160|0x000000078a000000, 0x000000078a100000, 0x000000078a100000|100%| E|CS|TAMS 0x000000078a000000, 0x000000078a000000| Complete 
| 161|0x000000078a100000, 0x000000078a200000, 0x000000078a200000|100%| E|CS|TAMS 0x000000078a100000, 0x000000078a100000| Complete 
| 162|0x000000078a200000, 0x000000078a300000, 0x000000078a300000|100%| E|CS|TAMS 0x000000078a200000, 0x000000078a200000| Complete 
| 163|0x000000078a300000, 0x000000078a400000, 0x000000078a400000|100%| E|CS|TAMS 0x000000078a300000, 0x000000078a300000| Complete 
| 164|0x000000078a400000, 0x000000078a500000, 0x000000078a500000|100%| E|CS|TAMS 0x000000078a400000, 0x000000078a400000| Complete 
| 165|0x000000078a500000, 0x000000078a600000, 0x000000078a600000|100%| E|CS|TAMS 0x000000078a500000, 0x000000078a500000| Complete 
| 166|0x000000078a600000, 0x000000078a700000, 0x000000078a700000|100%| E|CS|TAMS 0x000000078a600000, 0x000000078a600000| Complete 
| 167|0x000000078a700000, 0x000000078a800000, 0x000000078a800000|100%| E|CS|TAMS 0x000000078a700000, 0x000000078a700000| Complete 
| 168|0x000000078a800000, 0x000000078a900000, 0x000000078a900000|100%| E|CS|TAMS 0x000000078a800000, 0x000000078a800000| Complete 
| 169|0x000000078a900000, 0x000000078aa00000, 0x000000078aa00000|100%| E|CS|TAMS 0x000000078a900000, 0x000000078a900000| Complete 
| 170|0x000000078aa00000, 0x000000078ab00000, 0x000000078ab00000|100%| E|CS|TAMS 0x000000078aa00000, 0x000000078aa00000| Complete 
| 171|0x000000078ab00000, 0x000000078ac00000, 0x000000078ac00000|100%| E|CS|TAMS 0x000000078ab00000, 0x000000078ab00000| Complete 
| 172|0x000000078ac00000, 0x000000078ad00000, 0x000000078ad00000|100%| E|CS|TAMS 0x000000078ac00000, 0x000000078ac00000| Complete 
| 173|0x000000078ad00000, 0x000000078ae00000, 0x000000078ae00000|100%| E|CS|TAMS 0x000000078ad00000, 0x000000078ad00000| Complete 
| 174|0x000000078ae00000, 0x000000078af00000, 0x000000078af00000|100%| E|CS|TAMS 0x000000078ae00000, 0x000000078ae00000| Complete 
| 175|0x000000078af00000, 0x000000078b000000, 0x000000078b000000|100%| E|CS|TAMS 0x000000078af00000, 0x000000078af00000| Complete 
| 176|0x000000078b000000, 0x000000078b100000, 0x000000078b100000|100%| E|CS|TAMS 0x000000078b000000, 0x000000078b000000| Complete 
| 177|0x000000078b100000, 0x000000078b200000, 0x000000078b200000|100%| E|CS|TAMS 0x000000078b100000, 0x000000078b100000| Complete 
| 178|0x000000078b200000, 0x000000078b300000, 0x000000078b300000|100%| E|CS|TAMS 0x000000078b200000, 0x000000078b200000| Complete 
| 179|0x000000078b300000, 0x000000078b400000, 0x000000078b400000|100%| E|CS|TAMS 0x000000078b300000, 0x000000078b300000| Complete 
| 180|0x000000078b400000, 0x000000078b500000, 0x000000078b500000|100%| E|CS|TAMS 0x000000078b400000, 0x000000078b400000| Complete 
| 181|0x000000078b500000, 0x000000078b600000, 0x000000078b600000|100%| E|CS|TAMS 0x000000078b500000, 0x000000078b500000| Complete 
| 182|0x000000078b600000, 0x000000078b700000, 0x000000078b700000|100%| E|CS|TAMS 0x000000078b600000, 0x000000078b600000| Complete 
| 183|0x000000078b700000, 0x000000078b800000, 0x000000078b800000|100%| E|CS|TAMS 0x000000078b700000, 0x000000078b700000| Complete 
| 184|0x000000078b800000, 0x000000078b900000, 0x000000078b900000|100%| E|CS|TAMS 0x000000078b800000, 0x000000078b800000| Complete 

Card table byte_map: [0x000000011da4c000,0x000000011de4c000] _byte_map_base: 0x0000000119e4c000

Marking Bits (Prev, Next): (CMBitMap*) 0x00007fe6db82da50, (CMBitMap*) 0x00007fe6db82da18
 Prev Bits: [0x000000012024c000, 0x000000012224c000)
 Next Bits: [0x000000011e24c000, 0x000000012024c000)

Polling page: 0x00000001049c3000

Metaspace:

Usage:
  Non-class:     59.49 MB capacity,    58.35 MB ( 98%) used,   930.23 KB (  2%) free+waste,   235.62 KB ( <1%) overhead. 
      Class:      9.28 MB capacity,     8.56 MB ( 92%) used,   625.65 KB (  7%) free+waste,   111.81 KB (  1%) overhead. 
       Both:     68.77 MB capacity,    66.91 MB ( 97%) used,     1.52 MB (  2%) free+waste,   347.44 KB ( <1%) overhead. 

Virtual space:
  Non-class space:       60.00 MB reserved,      59.71 MB (>99%) committed 
      Class space:        1.00 GB reserved,       9.37 MB ( <1%) committed 
             Both:        1.06 GB reserved,      69.08 MB (  6%) committed 

Chunk freelists:
   Non-Class:  7.50 KB
       Class:  384 bytes
        Both:  7.88 KB

CodeHeap 'non-profiled nmethods': size=238948Kb used=12985Kb max_used=12985Kb free=225962Kb
 bounds [0x000000010ecf3000, 0x000000010f9a3000, 0x000000011d64c000]
CodeHeap 'non-nmethods': size=6812Kb used=1325Kb max_used=2452Kb free=5486Kb
 bounds [0x000000010e64c000, 0x000000010e93c000, 0x000000010ecf3000]
 total_blobs=7906 nmethods=7218 adapters=579
 compilation: enabled
              stopped_count=0, restarted_count=0
 full_count=0

Compilation events (10 events):
Event: 203.658 Thread 0x00007fe6db011800 7239   !   1       java.util.concurrent.FutureTask::runAndReset (125 bytes)
Event: 203.659 Thread 0x00007fe6db011800 nmethod 7239 0x000000010f99e990 code [0x000000010f99ec40, 0x000000010f99f6f8]
Event: 203.659 Thread 0x00007fe6db011800 7240       1       java.util.concurrent.Executors$RunnableAdapter::call (14 bytes)
Event: 203.659 Thread 0x00007fe6db011800 nmethod 7240 0x000000010f99fe10 code [0x000000010f99ffc0, 0x000000010f9a0108]
Event: 203.659 Thread 0x00007fe6db011800 7241       1       java.util.concurrent.ScheduledThreadPoolExecutor$ScheduledFutureTask::setNextRunTime (38 bytes)
Event: 203.659 Thread 0x00007fe6db011800 nmethod 7241 0x000000010f9a0190 code [0x000000010f9a0340, 0x000000010f9a0568]
Event: 203.684 Thread 0x00007fe6db011800 7242       1       java.util.concurrent.ScheduledThreadPoolExecutor$DelayedWorkQueue::siftDown (119 bytes)
Event: 203.685 Thread 0x00007fe6db011800 nmethod 7242 0x000000010f9a0690 code [0x000000010f9a08a0, 0x000000010f9a0eb8]
Event: 203.685 Thread 0x00007fe6db011800 7243       1       java.util.HashMap$Values::size (8 bytes)
Event: 203.685 Thread 0x00007fe6db011800 nmethod 7243 0x000000010f9a1290 code [0x000000010f9a1440, 0x000000010f9a1550]

GC Heap History (10 events):
Event: 4.171 GC heap before
{Heap before GC invocations=11 (full 0):
 garbage-first heap   total 157696K, used 103307K [0x0000000780000000, 0x0000000800000000)
  region size 1024K, 92 young (94208K), 7 survivors (7168K)
 Metaspace       used 41205K, capacity 42554K, committed 42876K, reserved 1087488K
  class space    used 4906K, capacity 5421K, committed 5500K, reserved 1048576K
}
Event: 4.178 GC heap after
{Heap after GC invocations=12 (full 0):
 garbage-first heap   total 157696K, used 19145K [0x0000000780000000, 0x0000000800000000)
  region size 1024K, 10 young (10240K), 10 survivors (10240K)
 Metaspace       used 41205K, capacity 42554K, committed 42876K, reserved 1087488K
  class space    used 4906K, capacity 5421K, committed 5500K, reserved 1048576K
}
Event: 4.509 GC heap before
{Heap before GC invocations=12 (full 0):
 garbage-first heap   total 157696K, used 102089K [0x0000000780000000, 0x0000000800000000)
  region size 1024K, 92 young (94208K), 10 survivors (10240K)
 Metaspace       used 46133K, capacity 47563K, committed 47868K, reserved 1091584K
  class space    used 5741K, capacity 6313K, committed 6396K, reserved 1048576K
}
Event: 4.517 GC heap after
{Heap after GC invocations=13 (full 0):
 garbage-first heap   total 189440K, used 21206K [0x0000000780000000, 0x0000000800000000)
  region size 1024K, 6 young (6144K), 6 survivors (6144K)
 Metaspace       used 46133K, capacity 47563K, committed 47868K, reserved 1091584K
  class space    used 5741K, capacity 6313K, committed 6396K, reserved 1048576K
}
Event: 4.973 GC heap before
{Heap before GC invocations=13 (full 0):
 garbage-first heap   total 189440K, used 128726K [0x0000000780000000, 0x0000000800000000)
  region size 1024K, 111 young (113664K), 6 survivors (6144K)
 Metaspace       used 53222K, capacity 54699K, committed 54908K, reserved 1097728K
  class space    used 6667K, capacity 7260K, committed 7292K, reserved 1048576K
}
Event: 4.979 GC heap after
{Heap after GC invocations=14 (full 0):
 garbage-first heap   total 189440K, used 24038K [0x0000000780000000, 0x0000000800000000)
  region size 1024K, 9 young (9216K), 9 survivors (9216K)
 Metaspace       used 53222K, capacity 54699K, committed 54908K, reserved 1097728K
  class space    used 6667K, capacity 7260K, committed 7292K, reserved 1048576K
}
Event: 5.523 GC heap before
{Heap before GC invocations=14 (full 0):
 garbage-first heap   total 189440K, used 102886K [0x0000000780000000, 0x0000000800000000)
  region size 1024K, 87 young (89088K), 9 survivors (9216K)
 Metaspace       used 58552K, capacity 60121K, committed 60368K, reserved 1101824K
  class space    used 7474K, capacity 8079K, committed 8188K, reserved 1048576K
}
Event: 5.532 GC heap after
{Heap after GC invocations=15 (full 0):
 garbage-first heap   total 189440K, used 26025K [0x0000000780000000, 0x0000000800000000)
  region size 1024K, 7 young (7168K), 7 survivors (7168K)
 Metaspace       used 58552K, capacity 60121K, committed 60368K, reserved 1101824K
  class space    used 7474K, capacity 8079K, committed 8188K, reserved 1048576K
}
Event: 9.897 GC heap before
{Heap before GC invocations=16 (full 0):
 garbage-first heap   total 189440K, used 131497K [0x0000000780000000, 0x0000000800000000)
  region size 1024K, 111 young (113664K), 7 survivors (7168K)
 Metaspace       used 65667K, capacity 67510K, committed 67792K, reserved 1107968K
  class space    used 8440K, capacity 9176K, committed 9212K, reserved 1048576K
}
Event: 9.905 GC heap after
{Heap after GC invocations=17 (full 0):
 garbage-first heap   total 189440K, used 29451K [0x0000000780000000, 0x0000000800000000)
  region size 1024K, 11 young (11264K), 11 survivors (11264K)
 Metaspace       used 65667K, capacity 67510K, committed 67792K, reserved 1107968K
  class space    used 8440K, capacity 9176K, committed 9212K, reserved 1048576K
}

Deoptimization events (0 events):
No events

Classes redefined (2 events):
Event: 198.235 Thread 0x00007fe6da041800 redefined class name=com.imyc.SBAP.Http.user.action.UserCreate, count=1
Event: 201.930 Thread 0x00007fe6da041800 redefined class name=com.imyc.SBAP.Http.user.action.UserCreate, count=2

Internal exceptions (10 events):
Event: 5.655 Thread 0x00007fe6da016000 Exception <a 'java/lang/ClassNotFoundException'{0x000000078b5e0c20}: com/imyc/SBAP/Http/user/dao/model/UsersCustomizer> (0x000000078b5e0c20) thrown at [/scratch/mesos/slaves/2dd962d0-8988-479b-a804-57ab764ada59-S81215/frameworks/1735e8a2-a1db-478c-8104-60
Event: 5.675 Thread 0x00007fe6da016000 Exception <a 'java/lang/IncompatibleClassChangeError'{0x000000078b230160}: Found class java.lang.Object, but interface was expected> (0x000000078b230160) thrown at [/scratch/mesos/slaves/2dd962d0-8988-479b-a804-57ab764ada59-S81215/frameworks/1735e8a2-a1db
Event: 5.748 Thread 0x00007fe6da016000 Exception <a 'java/lang/reflect/InvocationTargetException'{0x000000078a5dcca8}> (0x000000078a5dcca8) thrown at [/scratch/mesos/slaves/2dd962d0-8988-479b-a804-57ab764ada59-S81215/frameworks/1735e8a2-a1db-478c-8104-60c8b0af87dd-0196/executors/f094f880-6af2-
Event: 5.761 Thread 0x00007fe6da016000 Exception <a 'java/lang/NoSuchMethodError'{0x000000078a4ebda8}: java.lang.invoke.Invokers$Holder.linkToTargetMethod(Ljava/lang/Object;ILjava/lang/Object;)Ljava/lang/Object;> (0x000000078a4ebda8) thrown at [/scratch/mesos/slaves/2dd962d0-8988-479b-a804-57a
Event: 6.001 Thread 0x00007fe6da016000 Exception <a 'java/lang/NoSuchMethodError'{0x0000000788f298f0}: java.lang.invoke.DirectMethodHandle$Holder.invokeStaticInit(Ljava/lang/Object;Ljava/lang/Object;Ljava/lang/Object;Ljava/lang/Object;Ljava/lang/Object;Ljava/lang/Object;)Ljava/lang/Object;> (0
Event: 9.107 Thread 0x00007fe6db571000 Exception <a 'java/lang/NoSuchMethodError'{0x0000000787f7ca20}: java.lang.invoke.DirectMethodHandle$Holder.invokeStaticInit(Ljava/lang/Object;Ljava/lang/Object;Ljava/lang/Object;)V> (0x0000000787f7ca20) thrown at [/scratch/mesos/slaves/2dd962d0-8988-479b-
Event: 9.114 Thread 0x00007fe6db571000 Exception <a 'java/lang/NoSuchMethodError'{0x0000000787e55a80}: java.lang.invoke.DirectMethodHandle$Holder.invokeStatic(Ljava/lang/Object;ILjava/lang/Object;Ljava/lang/Object;)Ljava/lang/Object;> (0x0000000787e55a80) thrown at [/scratch/mesos/slaves/2dd96
Event: 9.114 Thread 0x00007fe6db571000 Exception <a 'java/lang/NoSuchMethodError'{0x0000000787e5c8e0}: java.lang.invoke.DirectMethodHandle$Holder.invokeSpecial(Ljava/lang/Object;Ljava/lang/Object;ILjava/lang/Object;Ljava/lang/Object;)Ljava/lang/Object;> (0x0000000787e5c8e0) thrown at [/scratch
Event: 9.967 Thread 0x00007fe6db571000 Exception <a 'java/io/IOException'{0x000000078b672128}> (0x000000078b672128) thrown at [/scratch/mesos/slaves/2dd962d0-8988-479b-a804-57ab764ada59-S81215/frameworks/1735e8a2-a1db-478c-8104-60c8b0af87dd-0196/executors/f094f880-6af2-4d79-867c-f54ea12dca07/r
Event: 14.518 Thread 0x00007fe6db594800 Exception <a 'java/lang/NoSuchMethodError'{0x00000007887216e0}: java.lang.invoke.DirectMethodHandle$Holder.invokeStatic(Ljava/lang/Object;J)Ljava/lang/Object;> (0x00000007887216e0) thrown at [/scratch/mesos/slaves/2dd962d0-8988-479b-a804-57ab764ada59-S812

Events (10 events):
Event: 139.410 Thread 0x00007fe6db594800 DEOPT UNPACKING pc=0x000000010e684fba sp=0x000070000d68b0a8 mode 1
Event: 139.410 Thread 0x00007fe6db594800 DEOPT PACKING pc=0x000000010f86192c sp=0x000070000d68bc30
Event: 139.410 Thread 0x00007fe6db594800 DEOPT UNPACKING pc=0x000000010e684fba sp=0x000070000d68b190 mode 1
Event: 181.026 Executing VM operation: RevokeBias
Event: 181.026 Executing VM operation: RevokeBias done
Event: 198.167 Executing VM operation: RedefineClasses
Event: 198.258 Executing VM operation: RedefineClasses done
Event: 201.894 Executing VM operation: RedefineClasses
Event: 201.935 Executing VM operation: RedefineClasses done
Event: 203.973 Executing VM operation: RedefineClasses


Dynamic libraries:
0x00007fff2e626000 	/System/Library/Frameworks/Cocoa.framework/Versions/A/Cocoa
0x00007fff3be1d000 	/System/Library/Frameworks/Security.framework/Versions/A/Security
0x00007fff2d58b000 	/System/Library/Frameworks/ApplicationServices.framework/Versions/A/ApplicationServices
0x00007fff68ada000 	/usr/lib/libz.1.dylib
0x00007fff6659e000 	/usr/lib/libSystem.B.dylib
0x00007fff2f4c8000 	/System/Library/Frameworks/CoreFoundation.framework/Versions/A/CoreFoundation
0x00007fff31b85000 	/System/Library/Frameworks/Foundation.framework/Versions/C/Foundation
0x00007fff683fe000 	/usr/lib/libobjc.A.dylib
0x00007fff2c77b000 	/System/Library/Frameworks/AppKit.framework/Versions/C/AppKit
0x00007fff2efaa000 	/System/Library/Frameworks/CoreData.framework/Versions/A/CoreData
0x00007fff605b3000 	/System/Library/PrivateFrameworks/UIFoundation.framework/Versions/A/UIFoundation
0x00007fff5b647000 	/System/Library/PrivateFrameworks/RemoteViewServices.framework/Versions/A/RemoteViewServices
0x00007fff6310e000 	/System/Library/PrivateFrameworks/XCTTargetBootstrap.framework/Versions/A/XCTTargetBootstrap
0x00007fff2f395000 	/System/Library/Frameworks/CoreDisplay.framework/Versions/A/CoreDisplay
0x00007fff34a40000 	/System/Library/Frameworks/Metal.framework/Versions/A/Metal
0x00007fff49634000 	/System/Library/PrivateFrameworks/DesktopServicesPriv.framework/Versions/A/DesktopServicesPriv
0x00007fff676d9000 	/usr/lib/liblangid.dylib
0x00007fff488c9000 	/System/Library/PrivateFrameworks/CoreSVG.framework/Versions/A/CoreSVG
0x00007fff5e7a3000 	/System/Library/PrivateFrameworks/SkyLight.framework/Versions/A/SkyLight
0x00007fff2f949000 	/System/Library/Frameworks/CoreGraphics.framework/Versions/A/CoreGraphics
0x00007fff2b14f000 	/System/Library/Frameworks/Accelerate.framework/Versions/A/Accelerate
0x00007fff689cb000 	/usr/lib/libxml2.2.dylib
0x00007fff545d2000 	/System/Library/PrivateFrameworks/IconServices.framework/Versions/A/IconServices
0x00007fff32364000 	/System/Library/Frameworks/IOSurface.framework/Versions/A/IOSurface
0x00007fff660c8000 	/usr/lib/libDiagnosticMessagesClient.dylib
0x00007fff4948e000 	/System/Library/PrivateFrameworks/DFRFoundation.framework/Versions/A/DFRFoundation
0x00007fff67468000 	/usr/lib/libicucore.A.dylib
0x00007fff2d8bd000 	/System/Library/Frameworks/AudioToolbox.framework/Versions/A/AudioToolbox
0x00007fff2d9a0000 	/System/Library/Frameworks/AudioUnit.framework/Versions/A/AudioUnit
0x00007fff667a0000 	/usr/lib/libauto.dylib
0x00007fff49530000 	/System/Library/PrivateFrameworks/DataDetectorsCore.framework/Versions/A/DataDetectorsCore
0x00007fff2e147000 	/System/Library/Frameworks/Carbon.framework/Versions/A/Frameworks/HIToolbox.framework/Versions/A/HIToolbox
0x00007fff3b019000 	/System/Library/Frameworks/QuartzCore.framework/Versions/A/QuartzCore
0x00007fff2e486000 	/System/Library/Frameworks/Carbon.framework/Versions/A/Frameworks/SpeechRecognition.framework/Versions/A/SpeechRecognition
0x00007fff48fa2000 	/System/Library/PrivateFrameworks/CoreUI.framework/Versions/A/CoreUI
0x00007fff2ea15000 	/System/Library/Frameworks/CoreAudio.framework/Versions/A/CoreAudio
0x00007fff31844000 	/System/Library/Frameworks/DiskArbitration.framework/Versions/A/DiskArbitration
0x00007fff56622000 	/System/Library/PrivateFrameworks/MultitouchSupport.framework/Versions/A/MultitouchSupport
0x00007fff6732f000 	/usr/lib/libenergytrace.dylib
0x00007fff322be000 	/System/Library/Frameworks/IOKit.framework/Versions/A/IOKit
0x00007fff308b0000 	/System/Library/Frameworks/CoreServices.framework/Versions/A/CoreServices
0x00007fff587da000 	/System/Library/PrivateFrameworks/PerformanceAnalysis.framework/Versions/A/PerformanceAnalysis
0x00007fff3a04c000 	/System/Library/Frameworks/OpenGL.framework/Versions/A/OpenGL
0x00007fff2e634000 	/System/Library/Frameworks/ColorSync.framework/Versions/A/ColorSync
0x00007fff2ffcc000 	/System/Library/Frameworks/CoreImage.framework/Versions/A/CoreImage
0x00007fff31323000 	/System/Library/Frameworks/CoreText.framework/Versions/A/CoreText
0x00007fff323f4000 	/System/Library/Frameworks/ImageIO.framework/Versions/A/ImageIO
0x00007fff66884000 	/usr/lib/libc++.1.dylib
0x00007fff66900000 	/usr/lib/libcompression.dylib
0x00007fff6640c000 	/usr/lib/libMobileGestalt.dylib
0x00007fff6031d000 	/System/Library/PrivateFrameworks/TextureIO.framework/Versions/A/TextureIO
0x00007fff66703000 	/usr/lib/libate.dylib
0x00007fff547db000 	/System/Library/PrivateFrameworks/InternationalSupport.framework/Versions/A/InternationalSupport
0x00007fff6939b000 	/usr/lib/system/libcache.dylib
0x00007fff693a1000 	/usr/lib/system/libcommonCrypto.dylib
0x00007fff693ad000 	/usr/lib/system/libcompiler_rt.dylib
0x00007fff693b5000 	/usr/lib/system/libcopyfile.dylib
0x00007fff693bf000 	/usr/lib/system/libcorecrypto.dylib
0x00007fff6955e000 	/usr/lib/system/libdispatch.dylib
0x00007fff6959f000 	/usr/lib/system/libdyld.dylib
0x00007fff695d6000 	/usr/lib/system/libkeymgr.dylib
0x00007fff695e4000 	/usr/lib/system/liblaunch.dylib
0x00007fff695e5000 	/usr/lib/system/libmacho.dylib
0x00007fff695eb000 	/usr/lib/system/libquarantine.dylib
0x00007fff695ee000 	/usr/lib/system/libremovefile.dylib
0x00007fff695f0000 	/usr/lib/system/libsystem_asl.dylib
0x00007fff69608000 	/usr/lib/system/libsystem_blocks.dylib
0x00007fff69609000 	/usr/lib/system/libsystem_c.dylib
0x00007fff69691000 	/usr/lib/system/libsystem_configuration.dylib
0x00007fff69695000 	/usr/lib/system/libsystem_coreservices.dylib
0x00007fff69699000 	/usr/lib/system/libsystem_darwin.dylib
0x00007fff696a2000 	/usr/lib/system/libsystem_dnssd.dylib
0x00007fff696aa000 	/usr/lib/system/libsystem_featureflags.dylib
0x00007fff696ac000 	/usr/lib/system/libsystem_info.dylib
0x00007fff69727000 	/usr/lib/system/libsystem_m.dylib
0x00007fff6976f000 	/usr/lib/system/libsystem_malloc.dylib
0x00007fff69797000 	/usr/lib/system/libsystem_networkextension.dylib
0x00007fff697a5000 	/usr/lib/system/libsystem_notify.dylib
0x00007fff697c3000 	/usr/lib/system/libsystem_sandbox.dylib
0x00007fff697c8000 	/usr/lib/system/libsystem_secinit.dylib
0x00007fff696fa000 	/usr/lib/system/libsystem_kernel.dylib
0x00007fff697af000 	/usr/lib/system/libsystem_platform.dylib
0x00007fff697b8000 	/usr/lib/system/libsystem_pthread.dylib
0x00007fff697cb000 	/usr/lib/system/libsystem_symptoms.dylib
0x00007fff697d3000 	/usr/lib/system/libsystem_trace.dylib
0x00007fff697eb000 	/usr/lib/system/libunwind.dylib
0x00007fff697f1000 	/usr/lib/system/libxpc.dylib
0x00007fff668d7000 	/usr/lib/libc++abi.dylib
0x00007fff676db000 	/usr/lib/liblzma.5.dylib
0x00007fff67356000 	/usr/lib/libfakelink.dylib
0x00007fff66690000 	/usr/lib/libarchive.2.dylib
0x00007fff3cece000 	/System/Library/Frameworks/SystemConfiguration.framework/Versions/A/SystemConfiguration
0x00007fff65ffb000 	/usr/lib/libCRFSuite.dylib
0x00007fff2dd37000 	/System/Library/Frameworks/CFNetwork.framework/Versions/A/CFNetwork
0x00007fff66866000 	/usr/lib/libbsm.0.dylib
0x00007fff695d7000 	/usr/lib/system/libkxld.dylib
0x00007fff42e0b000 	/System/Library/PrivateFrameworks/AppleFSCompression.framework/Versions/A/AppleFSCompression
0x00007fff66bf1000 	/usr/lib/libcoretls.dylib
0x00007fff66c08000 	/usr/lib/libcoretls_cfhelpers.dylib
0x00007fff68444000 	/usr/lib/libpam.2.dylib
0x00007fff68579000 	/usr/lib/libsqlite3.dylib
0x00007fff689b8000 	/usr/lib/libxar.1.dylib
0x00007fff66877000 	/usr/lib/libbz2.1.0.dylib
0x00007fff67377000 	/usr/lib/libiconv.2.dylib
0x00007fff668ed000 	/usr/lib/libcharset.1.dylib
0x00007fff67ee1000 	/usr/lib/libnetwork.dylib
0x00007fff6844b000 	/usr/lib/libpcap.A.dylib
0x00007fff66645000 	/usr/lib/libapple_nghttp2.dylib
0x00007fff30c67000 	/System/Library/Frameworks/CoreServices.framework/Versions/A/Frameworks/FSEvents.framework/Versions/A/FSEvents
0x00007fff30937000 	/System/Library/Frameworks/CoreServices.framework/Versions/A/Frameworks/CarbonCore.framework/Versions/A/CarbonCore
0x00007fff30eab000 	/System/Library/Frameworks/CoreServices.framework/Versions/A/Frameworks/Metadata.framework/Versions/A/Metadata
0x00007fff30f44000 	/System/Library/Frameworks/CoreServices.framework/Versions/A/Frameworks/OSServices.framework/Versions/A/OSServices
0x00007fff30f72000 	/System/Library/Frameworks/CoreServices.framework/Versions/A/Frameworks/SearchKit.framework/Versions/A/SearchKit
0x00007fff308b1000 	/System/Library/Frameworks/CoreServices.framework/Versions/A/Frameworks/AE.framework/Versions/A/AE
0x00007fff30c70000 	/System/Library/Frameworks/CoreServices.framework/Versions/A/Frameworks/LaunchServices.framework/Versions/A/LaunchServices
0x00007fff30c19000 	/System/Library/Frameworks/CoreServices.framework/Versions/A/Frameworks/DictionaryServices.framework/Versions/A/DictionaryServices
0x00007fff30fda000 	/System/Library/Frameworks/CoreServices.framework/Versions/A/Frameworks/SharedFileList.framework/Versions/A/SharedFileList
0x00007fff35e6b000 	/System/Library/Frameworks/NetFS.framework/Versions/A/NetFS
0x00007fff56b52000 	/System/Library/PrivateFrameworks/NetAuth.framework/Versions/A/NetAuth
0x00007fff634db000 	/System/Library/PrivateFrameworks/login.framework/Versions/A/Frameworks/loginsupport.framework/Versions/A/loginsupport
0x00007fff5fde8000 	/System/Library/PrivateFrameworks/TCC.framework/Versions/A/TCC
0x00007fff47a3c000 	/System/Library/PrivateFrameworks/CoreNLP.framework/Versions/A/CoreNLP
0x00007fff5604f000 	/System/Library/PrivateFrameworks/MetadataUtilities.framework/Versions/A/MetadataUtilities
0x00007fff677b3000 	/usr/lib/libmecabra.dylib
0x00007fff6770b000 	/usr/lib/libmecab.dylib
0x00007fff67367000 	/usr/lib/libgermantok.dylib
0x00007fff6662c000 	/usr/lib/libThaiTokenizer.dylib
0x00007fff66032000 	/usr/lib/libChineseTokenizer.dylib
0x00007fff2b167000 	/System/Library/Frameworks/Accelerate.framework/Versions/A/Frameworks/vImage.framework/Versions/A/vImage
0x00007fff2c5d1000 	/System/Library/Frameworks/Accelerate.framework/Versions/A/Frameworks/vecLib.framework/Versions/A/vecLib
0x00007fff2c50e000 	/System/Library/Frameworks/Accelerate.framework/Versions/A/Frameworks/vecLib.framework/Versions/A/libvMisc.dylib
0x00007fff2c336000 	/System/Library/Frameworks/Accelerate.framework/Versions/A/Frameworks/vecLib.framework/Versions/A/libvDSP.dylib
0x00007fff2b7be000 	/System/Library/Frameworks/Accelerate.framework/Versions/A/Frameworks/vecLib.framework/Versions/A/libBLAS.dylib
0x00007fff2befa000 	/System/Library/Frameworks/Accelerate.framework/Versions/A/Frameworks/vecLib.framework/Versions/A/libLAPACK.dylib
0x00007fff2c296000 	/System/Library/Frameworks/Accelerate.framework/Versions/A/Frameworks/vecLib.framework/Versions/A/libLinearAlgebra.dylib
0x00007fff2c323000 	/System/Library/Frameworks/Accelerate.framework/Versions/A/Frameworks/vecLib.framework/Versions/A/libSparseBLAS.dylib
0x00007fff2c2ac000 	/System/Library/Frameworks/Accelerate.framework/Versions/A/Frameworks/vecLib.framework/Versions/A/libQuadrature.dylib
0x00007fff2ba26000 	/System/Library/Frameworks/Accelerate.framework/Versions/A/Frameworks/vecLib.framework/Versions/A/libBNNS.dylib
0x00007fff2c2b2000 	/System/Library/Frameworks/Accelerate.framework/Versions/A/Frameworks/vecLib.framework/Versions/A/libSparse.dylib
0x00007fff54bc3000 	/System/Library/PrivateFrameworks/LanguageModeling.framework/Versions/A/LanguageModeling
0x00007fff473ec000 	/System/Library/PrivateFrameworks/CoreEmoji.framework/Versions/A/CoreEmoji
0x00007fff54ce1000 	/System/Library/PrivateFrameworks/LinguisticData.framework/Versions/A/LinguisticData
0x00007fff54c92000 	/System/Library/PrivateFrameworks/Lexicon.framework/Versions/A/Lexicon
0x00007fff668ee000 	/usr/lib/libcmph.dylib
0x00007fff38a5a000 	/System/Library/Frameworks/OpenDirectory.framework/Versions/A/Frameworks/CFOpenDirectory.framework/Versions/A/CFOpenDirectory
0x00007fff38a77000 	/System/Library/Frameworks/OpenDirectory.framework/Versions/A/OpenDirectory
0x00007fff40eb8000 	/System/Library/PrivateFrameworks/APFS.framework/Versions/A/APFS
0x00007fff3c167000 	/System/Library/Frameworks/SecurityFoundation.framework/Versions/A/SecurityFoundation
0x00007fff689b4000 	/usr/lib/libutil.dylib
0x00007fff48921000 	/System/Library/PrivateFrameworks/CoreServicesStore.framework/Versions/A/CoreServicesStore
0x00007fff3c21e000 	/System/Library/Frameworks/ServiceManagement.framework/Versions/A/ServiceManagement
0x00007fff445db000 	/System/Library/PrivateFrameworks/BackgroundTaskManagement.framework/Versions/A/BackgroundTaskManagement
0x00007fff68ab1000 	/usr/lib/libxslt.1.dylib
0x00007fff4347e000 	/System/Library/PrivateFrameworks/AppleSystemInfo.framework/Versions/A/AppleSystemInfo
0x00007fff3260f000 	/System/Library/Frameworks/ImageIO.framework/Versions/A/Resources/libJPEG.dylib
0x00007fff328ce000 	/System/Library/Frameworks/ImageIO.framework/Versions/A/Resources/libTIFF.dylib
0x00007fff328b1000 	/System/Library/Frameworks/ImageIO.framework/Versions/A/Resources/libPng.dylib
0x00007fff32551000 	/System/Library/Frameworks/ImageIO.framework/Versions/A/Resources/libGIF.dylib
0x00007fff32555000 	/System/Library/Frameworks/ImageIO.framework/Versions/A/Resources/libJP2.dylib
0x00007fff328cc000 	/System/Library/Frameworks/ImageIO.framework/Versions/A/Resources/libRadiance.dylib
0x00007fff67330000 	/usr/lib/libexpat.1.dylib
0x00007fff42f66000 	/System/Library/PrivateFrameworks/AppleJPEG.framework/Versions/A/AppleJPEG
0x00007fff4bc37000 	/System/Library/PrivateFrameworks/FontServices.framework/libFontParser.dylib
0x00007fff624dd000 	/System/Library/PrivateFrameworks/WatchdogClient.framework/Versions/A/WatchdogClient
0x00007fff5421e000 	/System/Library/PrivateFrameworks/IOAccelerator.framework/Versions/A/IOAccelerator
0x00007fff34ddb000 	/System/Library/Frameworks/MetalPerformanceShaders.framework/Versions/A/MetalPerformanceShaders
0x00007fff509b4000 	/System/Library/PrivateFrameworks/GPUWrangler.framework/Versions/A/GPUWrangler
0x00007fff54233000 	/System/Library/PrivateFrameworks/IOPresentment.framework/Versions/A/IOPresentment
0x00007fff494a1000 	/System/Library/PrivateFrameworks/DSExternalDisplay.framework/Versions/A/DSExternalDisplay
0x00007fff393eb000 	/System/Library/Frameworks/OpenGL.framework/Versions/A/Libraries/libCoreFSCache.dylib
0x00007fff34b27000 	/System/Library/Frameworks/MetalPerformanceShaders.framework/Frameworks/MPSCore.framework/Versions/A/MPSCore
0x00007fff34b65000 	/System/Library/Frameworks/MetalPerformanceShaders.framework/Frameworks/MPSImage.framework/Versions/A/MPSImage
0x00007fff34c2c000 	/System/Library/Frameworks/MetalPerformanceShaders.framework/Frameworks/MPSNeuralNetwork.framework/Versions/A/MPSNeuralNetwork
0x00007fff34bf0000 	/System/Library/Frameworks/MetalPerformanceShaders.framework/Frameworks/MPSMatrix.framework/Versions/A/MPSMatrix
0x00007fff34d8b000 	/System/Library/Frameworks/MetalPerformanceShaders.framework/Frameworks/MPSRayIntersector.framework/Versions/A/MPSRayIntersector
0x00007fff34c16000 	/System/Library/Frameworks/MetalPerformanceShaders.framework/Frameworks/MPSNDArray.framework/Versions/A/MPSNDArray
0x00007fff5609c000 	/System/Library/PrivateFrameworks/MetalTools.framework/Versions/A/MetalTools
0x00007fff42092000 	/System/Library/PrivateFrameworks/AggregateDictionary.framework/Versions/A/AggregateDictionary
0x00007fff46e34000 	/System/Library/PrivateFrameworks/CoreAnalytics.framework/Versions/A/CoreAnalytics
0x00007fff4339d000 	/System/Library/PrivateFrameworks/AppleSauce.framework/Versions/A/AppleSauce
0x00007fff662ee000 	/usr/lib/libIOReport.dylib
0x00007fff314db000 	/System/Library/Frameworks/CoreVideo.framework/Versions/A/CoreVideo
0x00007fff51e2d000 	/System/Library/PrivateFrameworks/GraphVisualizer.framework/Versions/A/GraphVisualizer
0x00007fff4b17d000 	/System/Library/PrivateFrameworks/FaceCore.framework/Versions/A/FaceCore
0x00007fff38a01000 	/System/Library/Frameworks/OpenCL.framework/Versions/A/OpenCL
0x00007fff66110000 	/usr/lib/libFosl_dynamic.dylib
0x00007fff57572000 	/System/Library/PrivateFrameworks/OTSVG.framework/Versions/A/OTSVG
0x00007fff2d690000 	/System/Library/Frameworks/ApplicationServices.framework/Versions/A/Frameworks/ATS.framework/Versions/A/Resources/libFontRegistry.dylib
0x00007fff4be08000 	/System/Library/PrivateFrameworks/FontServices.framework/libhvf.dylib
0x00007fff393f6000 	/System/Library/Frameworks/OpenGL.framework/Versions/A/Libraries/libGFXShared.dylib
0x00007fff395d4000 	/System/Library/Frameworks/OpenGL.framework/Versions/A/Libraries/libGLU.dylib
0x00007fff393ff000 	/System/Library/Frameworks/OpenGL.framework/Versions/A/Libraries/libGL.dylib
0x00007fff3940a000 	/System/Library/Frameworks/OpenGL.framework/Versions/A/Libraries/libGLImage.dylib
0x00007fff393e8000 	/System/Library/Frameworks/OpenGL.framework/Versions/A/Libraries/libCVMSPluginSupport.dylib
0x00007fff393f1000 	/System/Library/Frameworks/OpenGL.framework/Versions/A/Libraries/libCoreVMClient.dylib
0x00007fff67d82000 	/usr/lib/libncurses.5.4.dylib
0x00007fff2d58c000 	/System/Library/Frameworks/ApplicationServices.framework/Versions/A/Frameworks/ATS.framework/Versions/A/ATS
0x00007fff2d759000 	/System/Library/Frameworks/ApplicationServices.framework/Versions/A/Frameworks/ColorSyncLegacy.framework/Versions/A/ColorSyncLegacy
0x00007fff2d7f7000 	/System/Library/Frameworks/ApplicationServices.framework/Versions/A/Frameworks/HIServices.framework/Versions/A/HIServices
0x00007fff2d84f000 	/System/Library/Frameworks/ApplicationServices.framework/Versions/A/Frameworks/LangAnalysis.framework/Versions/A/LangAnalysis
0x00007fff2d85e000 	/System/Library/Frameworks/ApplicationServices.framework/Versions/A/Frameworks/PrintCore.framework/Versions/A/PrintCore
0x00007fff2d8a4000 	/System/Library/Frameworks/ApplicationServices.framework/Versions/A/Frameworks/QD.framework/Versions/A/QD
0x00007fff2d8af000 	/System/Library/Frameworks/ApplicationServices.framework/Versions/A/Frameworks/SpeechSynthesis.framework/Versions/A/SpeechSynthesis
0x00007fff2d729000 	/System/Library/Frameworks/ApplicationServices.framework/Versions/A/Frameworks/ATSUI.framework/Versions/A/ATSUI
0x00007fff671c6000 	/usr/lib/libcups.2.dylib
0x00007fff33e76000 	/System/Library/Frameworks/Kerberos.framework/Versions/A/Kerberos
0x00007fff31fb7000 	/System/Library/Frameworks/GSS.framework/Versions/A/GSS
0x00007fff68505000 	/usr/lib/libresolv.9.dylib
0x00007fff51fda000 	/System/Library/PrivateFrameworks/Heimdal.framework/Versions/A/Heimdal
0x00007fff33e89000 	/System/Library/Frameworks/Kerberos.framework/Versions/A/Libraries/libHeimdalProxy.dylib
0x00007fff6736d000 	/usr/lib/libheimdal-asn1.dylib
0x00007fff462cc000 	/System/Library/PrivateFrameworks/CommonAuth.framework/Versions/A/CommonAuth
0x00007fff4351b000 	/System/Library/PrivateFrameworks/AssertionServices.framework/Versions/A/AssertionServices
0x00007fff440be000 	/System/Library/PrivateFrameworks/AudioToolboxCore.framework/Versions/A/AudioToolboxCore
0x00007fff6318b000 	/System/Library/PrivateFrameworks/caulk.framework/Versions/A/caulk
0x00007fff44687000 	/System/Library/PrivateFrameworks/BaseBoard.framework/Versions/A/BaseBoard
0x00007fff5b7d5000 	/System/Library/PrivateFrameworks/RunningBoardServices.framework/Versions/A/RunningBoardServices
0x00007fff587e6000 	/System/Library/PrivateFrameworks/PersistentConnection.framework/Versions/A/PersistentConnection
0x00007fff5b1ce000 	/System/Library/PrivateFrameworks/ProtocolBuffer.framework/Versions/A/ProtocolBuffer
0x00007fff462f0000 	/System/Library/PrivateFrameworks/CommonUtilities.framework/Versions/A/CommonUtilities
0x00007fff44815000 	/System/Library/PrivateFrameworks/Bom.framework/Versions/A/Bom
0x00007fff65fc1000 	/usr/lib/libAudioToolboxUtility.dylib
0x00007fff445e5000 	/System/Library/PrivateFrameworks/Backup.framework/Versions/A/Backup
0x00007fff493c2000 	/System/Library/PrivateFrameworks/CrashReporterSupport.framework/Versions/A/CrashReporterSupport
0x00007fff5d267000 	/System/Library/PrivateFrameworks/Sharing.framework/Versions/A/Sharing
0x00007fff42b29000 	/System/Library/PrivateFrameworks/Apple80211.framework/Versions/A/Apple80211
0x00007fff44302000 	/System/Library/PrivateFrameworks/AuthKit.framework/Versions/A/AuthKit
0x00007fff490cf000 	/System/Library/PrivateFrameworks/CoreUtils.framework/Versions/A/CoreUtils
0x00007fff31520000 	/System/Library/Frameworks/CoreWLAN.framework/Versions/A/CoreWLAN
0x00007fff32144000 	/System/Library/Frameworks/IOBluetooth.framework/Versions/A/IOBluetooth
0x00007fff563a1000 	/System/Library/PrivateFrameworks/MobileKeyBag.framework/Versions/A/MobileKeyBag
0x00007fff47ed4000 	/System/Library/PrivateFrameworks/CorePhoneNumbers.framework/Versions/A/CorePhoneNumbers
0x00007fff42f19000 	/System/Library/PrivateFrameworks/AppleIDAuthSupport.framework/Versions/A/AppleIDAuthSupport
0x00007fff35e78000 	/System/Library/Frameworks/Network.framework/Versions/A/Network
0x00007fff54a6f000 	/System/Library/PrivateFrameworks/KeychainCircle.framework/Versions/A/KeychainCircle
0x00007fff2ef71000 	/System/Library/Frameworks/CoreBluetooth.framework/Versions/A/CoreBluetooth
0x00007fff5f2e6000 	/System/Library/PrivateFrameworks/SpeechRecognitionCore.framework/Versions/A/SpeechRecognitionCore
0x00007fff225a6000 	/System/Library/CoreServices/Encodings/libTraditionalChineseConverter.dylib
0x0000000105600000 	/Library/Java/JavaVirtualMachines/openjdk-11.0.2.jdk/Contents/Home/lib/server/libjvm.dylib
0x0000000104989000 	/Library/Java/JavaVirtualMachines/openjdk-11.0.2.jdk/Contents/Home/lib/libverify.dylib
0x0000000104995000 	/Library/Java/JavaVirtualMachines/openjdk-11.0.2.jdk/Contents/Home/lib/libjava.dylib
0x00000001049c5000 	/Library/Java/JavaVirtualMachines/openjdk-11.0.2.jdk/Contents/Home/lib/libjdwp.dylib
0x00000001049fd000 	/Library/Java/JavaVirtualMachines/openjdk-11.0.2.jdk/Contents/Home/lib/libinstrument.dylib
0x0000000104a64000 	/Library/Java/JavaVirtualMachines/openjdk-11.0.2.jdk/Contents/Home/lib/libzip.dylib
0x0000000104a6c000 	/Library/Java/JavaVirtualMachines/openjdk-11.0.2.jdk/Contents/Home/lib/libjimage.dylib
0x0000000104ad5000 	/Library/Java/JavaVirtualMachines/openjdk-11.0.2.jdk/Contents/Home/lib/libdt_socket.dylib
0x0000000104adb000 	/Library/Java/JavaVirtualMachines/openjdk-11.0.2.jdk/Contents/Home/lib/libnio.dylib
0x0000000104ae9000 	/Library/Java/JavaVirtualMachines/openjdk-11.0.2.jdk/Contents/Home/lib/libnet.dylib
0x0000000104afd000 	/Library/Java/JavaVirtualMachines/openjdk-11.0.2.jdk/Contents/Home/lib/libmanagement.dylib
0x0000000104b02000 	/Library/Java/JavaVirtualMachines/openjdk-11.0.2.jdk/Contents/Home/lib/libmanagement_ext.dylib
0x0000000104b08000 	/Library/Java/JavaVirtualMachines/openjdk-11.0.2.jdk/Contents/Home/lib/libextnet.dylib


VM Arguments:
jvm_args: -agentlib:jdwp=transport=dt_socket,suspend=y,address=localhost:52049 -Dcom.sun.management.jmxremote -Dcom.sun.management.jmxremote.port=52047 -Dcom.sun.management.jmxremote.authenticate=false -Dcom.sun.management.jmxremote.ssl=false -Djava.rmi.server.hostname=localhost -Dspring.jmx.enabled=true -Dspring.application.admin.enabled=true -Djava.security.egd=file:/dev/./urandom -Xverify:none -XX:TieredStopAtLevel=1 -Dspring.boot.project.name=spring-boot-admin-panel -javaagent:/Applications/Eclipse.app/Contents/Eclipse/configuration/org.eclipse.osgi/743/0/.cp/lib/javaagent-shaded.jar -Dfile.encoding=UTF-8 
java_command: com.imyc.SBAP.SbapApplication
java_class_path (initial): /Users/yc-ssd/Desktop/test/spring-boot-admin-panel/target/classes:/Applications/Eclipse.app/Contents/Eclipse/plugins/org.junit.jupiter.api_5.6.0.v20200203-2009.jar:/Applications/Eclipse.app/Contents/Eclipse/plugins/org.junit.jupiter.engine_5.6.0.v20200203-2009.jar:/Applications/Eclipse.app/Contents/Eclipse/plugins/org.junit.jupiter.migrationsupport_5.6.0.v20200203-2009.jar:/Applications/Eclipse.app/Contents/Eclipse/plugins/org.junit.jupiter.params_5.6.0.v20200203-2009.jar:/Applications/Eclipse.app/Contents/Eclipse/plugins/org.junit.platform.commons_1.6.0.v20200203-2009.jar:/Applications/Eclipse.app/Contents/Eclipse/plugins/org.junit.platform.engine_1.6.0.v20200203-2009.jar:/Applications/Eclipse.app/Contents/Eclipse/plugins/org.junit.platform.launcher_1.6.0.v20200203-2009.jar:/Applications/Eclipse.app/Contents/Eclipse/plugins/org.junit.platform.runner_1.6.0.v20200203-2009.jar:/Applications/Eclipse.app/Contents/Eclipse/plugins/org.junit.platform.suite.api_1.6.0.v20200203-2009.jar:/Applications/Eclipse.app/Contents/Eclipse/plugins/org.junit.vintage.engine_5.6.0.v20200203-2009.jar:/Applications/Eclipse.app/Contents/Eclipse/plugins/org.opentest4j_1.2.0.v20190826-0900.jar:/Applications/Eclipse.app/Contents/Eclipse/plugins/org.apiguardian_1.1.0.v20190826-0900.jar:/Applications/Eclipse.app/Contents/Eclipse/plugins/org.junit_4.13.0.v20200204-1500.jar:/Applications/Eclipse.app/Contents/Eclipse/plugins/org.hamcrest.core_1.3.0.v20180420-1519.jar:/Users/yc-ssd/.m2/repository/org/projectlombok/lombok/1.18.12/lombok-1.18.12.jar:/Users/yc-ssd/.m2/repository/org/springframework/boot/spring-boot-starter-thymeleaf/2.3.3.RELEASE/spring-boot-starter-thymeleaf-2.3.3.RELEASE.jar:/Users/yc-ssd/.m2/repository/org/springframework/boot/spring-boot-starter/2.3.3.RELEASE/spring-boot-starter-2.3.3.RELEASE.jar:/Users/yc-ssd/.m2/repository/org/springframework/boot/spring-boot/2.3.3.RELEASE/spring-boot-2.3.3.RELEASE.jar:/Users/yc-ssd/.m2/repository/org/springframework/b
Launcher Type: SUN_STANDARD

[Global flags]
     bool BytecodeVerificationLocal                = false                                     {product} {command line}
     bool BytecodeVerificationRemote               = false                                     {product} {command line}
     intx CICompilerCount                          = 3                                         {product} {ergonomic}
     uint ConcGCThreads                            = 1                                         {product} {ergonomic}
     uint G1ConcRefinementThreads                  = 4                                         {product} {ergonomic}
   size_t G1HeapRegionSize                         = 1048576                                   {product} {ergonomic}
    uintx GCDrainStackTargetSize                   = 64                                        {product} {ergonomic}
   size_t InitialHeapSize                          = 134217728                                 {product} {ergonomic}
     bool ManagementServer                         = true                                      {product} {command line}
   size_t MarkStackSize                            = 4194304                                   {product} {ergonomic}
   size_t MaxHeapSize                              = 2147483648                                {product} {ergonomic}
   size_t MaxNewSize                               = 1287651328                                {product} {ergonomic}
   size_t MinHeapDeltaBytes                        = 1048576                                   {product} {ergonomic}
    uintx NonNMethodCodeHeapSize                   = 6973028                                {pd product} {ergonomic}
    uintx NonProfiledCodeHeapSize                  = 244685212                              {pd product} {ergonomic}
    uintx ProfiledCodeHeapSize                     = 0                                      {pd product} {ergonomic}
    uintx ReservedCodeCacheSize                    = 251658240                              {pd product} {ergonomic}
     bool SegmentedCodeCache                       = true                                      {product} {ergonomic}
     intx TieredStopAtLevel                        = 1                                         {product} {command line}
     bool UseCompressedClassPointers               = true                                 {lp64_product} {ergonomic}
     bool UseCompressedOops                        = true                                 {lp64_product} {ergonomic}
     bool UseG1GC                                  = true                                      {product} {ergonomic}

Logging:
Log output configuration:
 #0: stdout all=warning uptime,level,tags
 #1: stderr all=off uptime,level,tags

Environment Variables:
PATH=/usr/bin:/bin:/usr/sbin:/sbin
SHELL=/bin/zsh
DISPLAY=/private/tmp/com.apple.launchd.JsfMq3gx2z/org.macosforge.xquartz:0

Signal Handlers:
SIGSEGV: [libjvm.dylib+0x73f4e4], sa_mask[0]=11111111011111110111111111111111, sa_flags=SA_ONSTACK|SA_RESTART|SA_SIGINFO
SIGBUS: [libjvm.dylib+0x73f4e4], sa_mask[0]=11111111011111110111111111111111, sa_flags=SA_RESTART|SA_SIGINFO
SIGFPE: [libjvm.dylib+0x73f4e4], sa_mask[0]=11111111011111110111111111111111, sa_flags=SA_RESTART|SA_SIGINFO
SIGPIPE: [libjvm.dylib+0x5f2192], sa_mask[0]=11111111011111110111111111111111, sa_flags=SA_RESTART|SA_SIGINFO
SIGXFSZ: [libjvm.dylib+0x5f2192], sa_mask[0]=11111111011111110111111111111111, sa_flags=SA_RESTART|SA_SIGINFO
SIGILL: [libjvm.dylib+0x73f4e4], sa_mask[0]=11111111011111110111111111111111, sa_flags=SA_RESTART|SA_SIGINFO
SIGUSR2: [libjvm.dylib+0x5f2777], sa_mask[0]=00100000000000000000000000000000, sa_flags=SA_RESTART|SA_SIGINFO
SIGHUP: [libjvm.dylib+0x5f11d3], sa_mask[0]=11111111011111110111111111111111, sa_flags=SA_RESTART|SA_SIGINFO
SIGINT: [libjvm.dylib+0x5f11d3], sa_mask[0]=11111111011111110111111111111111, sa_flags=SA_RESTART|SA_SIGINFO
SIGTERM: [libjvm.dylib+0x5f11d3], sa_mask[0]=11111111011111110111111111111111, sa_flags=SA_RESTART|SA_SIGINFO
SIGQUIT: [libjvm.dylib+0x5f11d3], sa_mask[0]=11111111011111110111111111111111, sa_flags=SA_RESTART|SA_SIGINFO


---------------  S Y S T E M  ---------------

OS:uname:Darwin 19.6.0 Darwin Kernel Version 19.6.0: Mon Aug 31 22:12:52 PDT 2020; root:xnu-6153.141.2~1/RELEASE_X86_64 x86_64
rlimit: STACK 8192k, CORE 0k, NPROC 1392, NOFILE 10240, AS infinity, DATA infinity, FSIZE infinity
load average:2.04 2.57 2.43

CPU:total 4 (initial active 4) (4 cores per cpu, 1 threads per core) family 6 model 158 stepping 9, cmov, cx8, fxsr, mmx, sse, sse2, sse3, ssse3, sse4.1, sse4.2, popcnt, avx, avx2, aes, clmul, erms, 3dnowpref, lzcnt, tsc, tscinvbit, bmi1, bmi2, adx, fma

Memory: 4k page, physical 8388608k(33868k free)

vm_info: OpenJDK 64-Bit Server VM (11.0.2+7) for bsd-amd64 JRE (11.0.2+7), built on Dec 12 2018 04:24:53 by "mach5one" with gcc 4.2.1 Compatible Apple LLVM 9.1.0 (clang-902.0.39.2)

END.
